[2015-03-22 14:25:43] local.ERROR: exception 'ReflectionException' with message 'Class BreedsTableSeeder does not exist' in /home/vagrant/Sites/furbook.com/vendor/laravel/framework/src/Illuminate/Container/Container.php:776
Stack trace:
#0 /home/vagrant/Sites/furbook.com/vendor/laravel/framework/src/Illuminate/Container/Container.php(776): ReflectionClass->__construct('BreedsTableSeed...')
#1 /home/vagrant/Sites/furbook.com/vendor/laravel/framework/src/Illuminate/Container/Container.php(656): Illuminate\Container\Container->build('BreedsTableSeed...', Array)
#2 /home/vagrant/Sites/furbook.com/vendor/laravel/framework/src/Illuminate/Foundation/Application.php(613): Illuminate\Container\Container->make('BreedsTableSeed...', Array)
#3 /home/vagrant/Sites/furbook.com/vendor/laravel/framework/src/Illuminate/Database/Seeder.php(55): Illuminate\Foundation\Application->make('BreedsTableSeed...')
#4 /home/vagrant/Sites/furbook.com/vendor/laravel/framework/src/Illuminate/Database/Seeder.php(37): Illuminate\Database\Seeder->resolve('BreedsTableSeed...')
#5 /home/vagrant/Sites/furbook.com/database/seeds/DatabaseSeeder.php(17): Illuminate\Database\Seeder->call('BreedsTableSeed...')
#6 /home/vagrant/Sites/furbook.com/vendor/laravel/framework/src/Illuminate/Database/Console/SeedCommand.php(57): DatabaseSeeder->run()
#7 [internal function]: Illuminate\Database\Console\SeedCommand->fire()
#8 /home/vagrant/Sites/furbook.com/vendor/laravel/framework/src/Illuminate/Container/Container.php(523): call_user_func_array(Array, Array)
#9 /home/vagrant/Sites/furbook.com/vendor/laravel/framework/src/Illuminate/Console/Command.php(115): Illuminate\Container\Container->call(Array)
#10 /home/vagrant/Sites/furbook.com/vendor/symfony/console/Symfony/Component/Console/Command/Command.php(257): Illuminate\Console\Command->execute(Object(Symfony\Component\Console\Input\ArgvInput), Object(Symfony\Component\Console\Output\ConsoleOutput))
#11 /home/vagrant/Sites/furbook.com/vendor/laravel/framework/src/Illuminate/Console/Command.php(101): Symfony\Component\Console\Command\Command->run(Object(Symfony\Component\Console\Input\ArgvInput), Object(Symfony\Component\Console\Output\ConsoleOutput))
#12 /home/vagrant/Sites/furbook.com/vendor/symfony/console/Symfony/Component/Console/Application.php(874): Illuminate\Console\Command->run(Object(Symfony\Component\Console\Input\ArgvInput), Object(Symfony\Component\Console\Output\ConsoleOutput))
#13 /home/vagrant/Sites/furbook.com/vendor/symfony/console/Symfony/Component/Console/Application.php(195): Symfony\Component\Console\Application->doRunCommand(Object(Illuminate\Database\Console\SeedCommand), Object(Symfony\Component\Console\Input\ArgvInput), Object(Symfony\Component\Console\Output\ConsoleOutput))
#14 /home/vagrant/Sites/furbook.com/vendor/symfony/console/Symfony/Component/Console/Application.php(126): Symfony\Component\Console\Application->doRun(Object(Symfony\Component\Console\Input\ArgvInput), Object(Symfony\Component\Console\Output\ConsoleOutput))
#15 /home/vagrant/Sites/furbook.com/vendor/laravel/framework/src/Illuminate/Foundation/Console/Kernel.php(90): Symfony\Component\Console\Application->run(Object(Symfony\Component\Console\Input\ArgvInput), Object(Symfony\Component\Console\Output\ConsoleOutput))
#16 /home/vagrant/Sites/furbook.com/artisan(36): Illuminate\Foundation\Console\Kernel->handle(Object(Symfony\Component\Console\Input\ArgvInput), Object(Symfony\Component\Console\Output\ConsoleOutput))
#17 {main}  
[2015-03-22 14:36:02] local.ERROR: exception 'Symfony\Component\Debug\Exception\FatalErrorException' with message 'syntax error, unexpected ')'' in /home/vagrant/Sites/furbook.com/storage/framework/views/fa1d90358653c3f970f1244c791bbbe6:6
Stack trace:
#0 /home/vagrant/Sites/furbook.com/vendor/laravel/framework/src/Illuminate/Foundation/Bootstrap/HandleExceptions.php(131): Symfony\Component\Debug\Exception\FatalErrorException->__construct()
#1 /home/vagrant/Sites/furbook.com/vendor/laravel/framework/src/Illuminate/Foundation/Bootstrap/HandleExceptions.php(116): Illuminate\Foundation\Bootstrap\HandleExceptions->fatalExceptionFromError()
#2 /home/vagrant/Sites/furbook.com/vendor/laravel/framework/src/Illuminate/Foundation/Bootstrap/HandleExceptions.php(0): Illuminate\Foundation\Bootstrap\HandleExceptions->handleShutdown()
#3 /home/vagrant/Sites/furbook.com/vendor/laravel/framework/src/Illuminate/View/Engines/CompilerEngine.php(57): Illuminate\View\Engines\PhpEngine->evaluatePath()
#4 /home/vagrant/Sites/furbook.com/vendor/laravel/framework/src/Illuminate/View/View.php(136): Illuminate\View\Engines\CompilerEngine->get()
#5 /home/vagrant/Sites/furbook.com/vendor/laravel/framework/src/Illuminate/View/View.php(104): Illuminate\View\View->getContents()
#6 /home/vagrant/Sites/furbook.com/vendor/laravel/framework/src/Illuminate/View/View.php(78): Illuminate\View\View->renderContents()
#7 /home/vagrant/Sites/furbook.com/vendor/laravel/framework/src/Illuminate/Http/Response.php(44): Illuminate\View\View->render()
#8 /home/vagrant/Sites/furbook.com/vendor/symfony/http-foundation/Symfony/Component/HttpFoundation/Response.php(202): Illuminate\Http\Response->setContent()
#9 /home/vagrant/Sites/furbook.com/vendor/laravel/framework/src/Illuminate/Routing/Router.php(1188): Symfony\Component\HttpFoundation\Response->__construct()
#10 /home/vagrant/Sites/furbook.com/vendor/laravel/framework/src/Illuminate/Routing/Router.php(692): Illuminate\Routing\Router->prepareResponse()
#11 /home/vagrant/Sites/furbook.com/vendor/laravel/framework/src/Illuminate/Pipeline/Pipeline.php(141): Illuminate\Routing\Router->Illuminate\Routing\{closure}()
#12 /home/vagrant/Sites/furbook.com/vendor/laravel/framework/src/Illuminate/Pipeline/Pipeline.php(141): call_user_func:{/home/vagrant/Sites/furbook.com/vendor/laravel/framework/src/Illuminate/Pipeline/Pipeline.php:141}()
#13 /home/vagrant/Sites/furbook.com/vendor/laravel/framework/src/Illuminate/Pipeline/Pipeline.php(101): Illuminate\Pipeline\Pipeline->Illuminate\Pipeline\{closure}()
#14 /home/vagrant/Sites/furbook.com/vendor/laravel/framework/src/Illuminate/Pipeline/Pipeline.php(101): call_user_func:{/home/vagrant/Sites/furbook.com/vendor/laravel/framework/src/Illuminate/Pipeline/Pipeline.php:101}()
#15 /home/vagrant/Sites/furbook.com/vendor/laravel/framework/src/Illuminate/Routing/Router.php(693): Illuminate\Pipeline\Pipeline->then()
#16 /home/vagrant/Sites/furbook.com/vendor/laravel/framework/src/Illuminate/Routing/Router.php(660): Illuminate\Routing\Router->runRouteWithinStack()
#17 /home/vagrant/Sites/furbook.com/vendor/laravel/framework/src/Illuminate/Routing/Router.php(618): Illuminate\Routing\Router->dispatchToRoute()
#18 /home/vagrant/Sites/furbook.com/vendor/laravel/framework/src/Illuminate/Foundation/Http/Kernel.php(214): Illuminate\Routing\Router->dispatch()
#19 /home/vagrant/Sites/furbook.com/vendor/laravel/framework/src/Illuminate/Pipeline/Pipeline.php(141): Illuminate\Foundation\Http\Kernel->Illuminate\Foundation\Http\{closure}()
#20 /home/vagrant/Sites/furbook.com/vendor/laravel/framework/src/Illuminate/Pipeline/Pipeline.php(141): call_user_func:{/home/vagrant/Sites/furbook.com/vendor/laravel/framework/src/Illuminate/Pipeline/Pipeline.php:141}()
#21 /home/vagrant/Sites/furbook.com/vendor/laravel/framework/src/Illuminate/Foundation/Http/Middleware/VerifyCsrfToken.php(43): Illuminate\Pipeline\Pipeline->Illuminate\Pipeline\{closure}()
#22 /home/vagrant/Sites/furbook.com/app/Http/Middleware/VerifyCsrfToken.php(17): Illuminate\Foundation\Http\Middleware\VerifyCsrfToken->handle()
#23 /home/vagrant/Sites/furbook.com/vendor/laravel/framework/src/Illuminate/Pipeline/Pipeline.php(125): Furbook\Http\Middleware\VerifyCsrfToken->handle()
#24 /home/vagrant/Sites/furbook.com/vendor/laravel/framework/src/Illuminate/View/Middleware/ShareErrorsFromSession.php(55): Illuminate\Pipeline\Pipeline->Illuminate\Pipeline\{closure}()
#25 /home/vagrant/Sites/furbook.com/vendor/laravel/framework/src/Illuminate/Pipeline/Pipeline.php(125): Illuminate\View\Middleware\ShareErrorsFromSession->handle()
#26 /home/vagrant/Sites/furbook.com/vendor/laravel/framework/src/Illuminate/Session/Middleware/StartSession.php(61): Illuminate\Pipeline\Pipeline->Illuminate\Pipeline\{closure}()
#27 /home/vagrant/Sites/furbook.com/vendor/laravel/framework/src/Illuminate/Pipeline/Pipeline.php(125): Illuminate\Session\Middleware\StartSession->handle()
#28 /home/vagrant/Sites/furbook.com/vendor/laravel/framework/src/Illuminate/Cookie/Middleware/AddQueuedCookiesToResponse.php(36): Illuminate\Pipeline\Pipeline->Illuminate\Pipeline\{closure}()
#29 /home/vagrant/Sites/furbook.com/vendor/laravel/framework/src/Illuminate/Pipeline/Pipeline.php(125): Illuminate\Cookie\Middleware\AddQueuedCookiesToResponse->handle()
#30 /home/vagrant/Sites/furbook.com/vendor/laravel/framework/src/Illuminate/Cookie/Middleware/EncryptCookies.php(40): Illuminate\Pipeline\Pipeline->Illuminate\Pipeline\{closure}()
#31 /home/vagrant/Sites/furbook.com/vendor/laravel/framework/src/Illuminate/Pipeline/Pipeline.php(125): Illuminate\Cookie\Middleware\EncryptCookies->handle()
#32 /home/vagrant/Sites/furbook.com/vendor/laravel/framework/src/Illuminate/Foundation/Http/Middleware/CheckForMaintenanceMode.php(42): Illuminate\Pipeline\Pipeline->Illuminate\Pipeline\{closure}()
#33 /home/vagrant/Sites/furbook.com/vendor/laravel/framework/src/Illuminate/Pipeline/Pipeline.php(125): Illuminate\Foundation\Http\Middleware\CheckForMaintenanceMode->handle()
#34 /home/vagrant/Sites/furbook.com/vendor/laravel/framework/src/Illuminate/Pipeline/Pipeline.php(101): Illuminate\Pipeline\Pipeline->Illuminate\Pipeline\{closure}()
#35 /home/vagrant/Sites/furbook.com/vendor/laravel/framework/src/Illuminate/Pipeline/Pipeline.php(101): call_user_func:{/home/vagrant/Sites/furbook.com/vendor/laravel/framework/src/Illuminate/Pipeline/Pipeline.php:101}()
#36 /home/vagrant/Sites/furbook.com/vendor/laravel/framework/src/Illuminate/Foundation/Http/Kernel.php(115): Illuminate\Pipeline\Pipeline->then()
#37 /home/vagrant/Sites/furbook.com/vendor/laravel/framework/src/Illuminate/Foundation/Http/Kernel.php(84): Illuminate\Foundation\Http\Kernel->sendRequestThroughRouter()
#38 /home/vagrant/Sites/furbook.com/public/index.php(53): Illuminate\Foundation\Http\Kernel->handle()
#39 /home/vagrant/Sites/furbook.com/public/index.php(0): {main}()
#40 {main}  
[2015-03-22 14:39:48] local.ERROR: exception 'Symfony\Component\Debug\Exception\FatalErrorException' with message 'Call to undefined function link_to()' in /home/vagrant/Sites/furbook.com/storage/framework/views/5b654921fe4484be56a81435728a4e7d:20
Stack trace:
#0 /home/vagrant/Sites/furbook.com/vendor/laravel/framework/src/Illuminate/Foundation/Bootstrap/HandleExceptions.php(131): Symfony\Component\Debug\Exception\FatalErrorException->__construct()
#1 /home/vagrant/Sites/furbook.com/vendor/laravel/framework/src/Illuminate/Foundation/Bootstrap/HandleExceptions.php(116): Illuminate\Foundation\Bootstrap\HandleExceptions->fatalExceptionFromError()
#2 /home/vagrant/Sites/furbook.com/vendor/laravel/framework/src/Illuminate/Foundation/Bootstrap/HandleExceptions.php(0): Illuminate\Foundation\Bootstrap\HandleExceptions->handleShutdown()
#3 /home/vagrant/Sites/furbook.com/vendor/laravel/framework/src/Illuminate/View/Engines/PhpEngine.php(39): ()
#4 /home/vagrant/Sites/furbook.com/vendor/laravel/framework/src/Illuminate/View/Engines/CompilerEngine.php(57): Illuminate\View\Engines\PhpEngine->evaluatePath()
#5 /home/vagrant/Sites/furbook.com/vendor/laravel/framework/src/Illuminate/View/View.php(136): Illuminate\View\Engines\CompilerEngine->get()
#6 /home/vagrant/Sites/furbook.com/vendor/laravel/framework/src/Illuminate/View/View.php(104): Illuminate\View\View->getContents()
#7 /home/vagrant/Sites/furbook.com/vendor/laravel/framework/src/Illuminate/View/View.php(78): Illuminate\View\View->renderContents()
#8 /home/vagrant/Sites/furbook.com/vendor/laravel/framework/src/Illuminate/Http/Response.php(44): Illuminate\View\View->render()
#9 /home/vagrant/Sites/furbook.com/vendor/symfony/http-foundation/Symfony/Component/HttpFoundation/Response.php(202): Illuminate\Http\Response->setContent()
#10 /home/vagrant/Sites/furbook.com/vendor/laravel/framework/src/Illuminate/Routing/Router.php(1188): Symfony\Component\HttpFoundation\Response->__construct()
#11 /home/vagrant/Sites/furbook.com/vendor/laravel/framework/src/Illuminate/Routing/Router.php(692): Illuminate\Routing\Router->prepareResponse()
#12 /home/vagrant/Sites/furbook.com/vendor/laravel/framework/src/Illuminate/Pipeline/Pipeline.php(141): Illuminate\Routing\Router->Illuminate\Routing\{closure}()
#13 /home/vagrant/Sites/furbook.com/vendor/laravel/framework/src/Illuminate/Pipeline/Pipeline.php(141): call_user_func:{/home/vagrant/Sites/furbook.com/vendor/laravel/framework/src/Illuminate/Pipeline/Pipeline.php:141}()
#14 /home/vagrant/Sites/furbook.com/vendor/laravel/framework/src/Illuminate/Pipeline/Pipeline.php(101): Illuminate\Pipeline\Pipeline->Illuminate\Pipeline\{closure}()
#15 /home/vagrant/Sites/furbook.com/vendor/laravel/framework/src/Illuminate/Pipeline/Pipeline.php(101): call_user_func:{/home/vagrant/Sites/furbook.com/vendor/laravel/framework/src/Illuminate/Pipeline/Pipeline.php:101}()
#16 /home/vagrant/Sites/furbook.com/vendor/laravel/framework/src/Illuminate/Routing/Router.php(693): Illuminate\Pipeline\Pipeline->then()
#17 /home/vagrant/Sites/furbook.com/vendor/laravel/framework/src/Illuminate/Routing/Router.php(660): Illuminate\Routing\Router->runRouteWithinStack()
#18 /home/vagrant/Sites/furbook.com/vendor/laravel/framework/src/Illuminate/Routing/Router.php(618): Illuminate\Routing\Router->dispatchToRoute()
#19 /home/vagrant/Sites/furbook.com/vendor/laravel/framework/src/Illuminate/Foundation/Http/Kernel.php(214): Illuminate\Routing\Router->dispatch()
#20 /home/vagrant/Sites/furbook.com/vendor/laravel/framework/src/Illuminate/Pipeline/Pipeline.php(141): Illuminate\Foundation\Http\Kernel->Illuminate\Foundation\Http\{closure}()
#21 /home/vagrant/Sites/furbook.com/vendor/laravel/framework/src/Illuminate/Pipeline/Pipeline.php(141): call_user_func:{/home/vagrant/Sites/furbook.com/vendor/laravel/framework/src/Illuminate/Pipeline/Pipeline.php:141}()
#22 /home/vagrant/Sites/furbook.com/vendor/laravel/framework/src/Illuminate/Foundation/Http/Middleware/VerifyCsrfToken.php(43): Illuminate\Pipeline\Pipeline->Illuminate\Pipeline\{closure}()
#23 /home/vagrant/Sites/furbook.com/app/Http/Middleware/VerifyCsrfToken.php(17): Illuminate\Foundation\Http\Middleware\VerifyCsrfToken->handle()
#24 /home/vagrant/Sites/furbook.com/vendor/laravel/framework/src/Illuminate/Pipeline/Pipeline.php(125): Furbook\Http\Middleware\VerifyCsrfToken->handle()
#25 /home/vagrant/Sites/furbook.com/vendor/laravel/framework/src/Illuminate/View/Middleware/ShareErrorsFromSession.php(55): Illuminate\Pipeline\Pipeline->Illuminate\Pipeline\{closure}()
#26 /home/vagrant/Sites/furbook.com/vendor/laravel/framework/src/Illuminate/Pipeline/Pipeline.php(125): Illuminate\View\Middleware\ShareErrorsFromSession->handle()
#27 /home/vagrant/Sites/furbook.com/vendor/laravel/framework/src/Illuminate/Session/Middleware/StartSession.php(61): Illuminate\Pipeline\Pipeline->Illuminate\Pipeline\{closure}()
#28 /home/vagrant/Sites/furbook.com/vendor/laravel/framework/src/Illuminate/Pipeline/Pipeline.php(125): Illuminate\Session\Middleware\StartSession->handle()
#29 /home/vagrant/Sites/furbook.com/vendor/laravel/framework/src/Illuminate/Cookie/Middleware/AddQueuedCookiesToResponse.php(36): Illuminate\Pipeline\Pipeline->Illuminate\Pipeline\{closure}()
#30 /home/vagrant/Sites/furbook.com/vendor/laravel/framework/src/Illuminate/Pipeline/Pipeline.php(125): Illuminate\Cookie\Middleware\AddQueuedCookiesToResponse->handle()
#31 /home/vagrant/Sites/furbook.com/vendor/laravel/framework/src/Illuminate/Cookie/Middleware/EncryptCookies.php(40): Illuminate\Pipeline\Pipeline->Illuminate\Pipeline\{closure}()
#32 /home/vagrant/Sites/furbook.com/vendor/laravel/framework/src/Illuminate/Pipeline/Pipeline.php(125): Illuminate\Cookie\Middleware\EncryptCookies->handle()
#33 /home/vagrant/Sites/furbook.com/vendor/laravel/framework/src/Illuminate/Foundation/Http/Middleware/CheckForMaintenanceMode.php(42): Illuminate\Pipeline\Pipeline->Illuminate\Pipeline\{closure}()
#34 /home/vagrant/Sites/furbook.com/vendor/laravel/framework/src/Illuminate/Pipeline/Pipeline.php(125): Illuminate\Foundation\Http\Middleware\CheckForMaintenanceMode->handle()
#35 /home/vagrant/Sites/furbook.com/vendor/laravel/framework/src/Illuminate/Pipeline/Pipeline.php(101): Illuminate\Pipeline\Pipeline->Illuminate\Pipeline\{closure}()
#36 /home/vagrant/Sites/furbook.com/vendor/laravel/framework/src/Illuminate/Pipeline/Pipeline.php(101): call_user_func:{/home/vagrant/Sites/furbook.com/vendor/laravel/framework/src/Illuminate/Pipeline/Pipeline.php:101}()
#37 /home/vagrant/Sites/furbook.com/vendor/laravel/framework/src/Illuminate/Foundation/Http/Kernel.php(115): Illuminate\Pipeline\Pipeline->then()
#38 /home/vagrant/Sites/furbook.com/vendor/laravel/framework/src/Illuminate/Foundation/Http/Kernel.php(84): Illuminate\Foundation\Http\Kernel->sendRequestThroughRouter()
#39 /home/vagrant/Sites/furbook.com/public/index.php(53): Illuminate\Foundation\Http\Kernel->handle()
#40 /home/vagrant/Sites/furbook.com/public/index.php(0): {main}()
#41 {main}  
[2015-03-22 14:52:18] local.ERROR: exception 'Symfony\Component\Debug\Exception\FatalErrorException' with message 'Class 'Collective\Html\HtmlServiceProviders' not found' in /home/vagrant/Sites/furbook.com/vendor/laravel/framework/src/Illuminate/Foundation/ProviderRepository.php:150
Stack trace:
#0 /home/vagrant/Sites/furbook.com/vendor/laravel/framework/src/Illuminate/Foundation/Bootstrap/HandleExceptions.php(131): Symfony\Component\Debug\Exception\FatalErrorException->__construct()
#1 /home/vagrant/Sites/furbook.com/vendor/laravel/framework/src/Illuminate/Foundation/Bootstrap/HandleExceptions.php(116): Illuminate\Foundation\Bootstrap\HandleExceptions->fatalExceptionFromError()
#2 /home/vagrant/Sites/furbook.com/vendor/laravel/framework/src/Illuminate/Foundation/Bootstrap/HandleExceptions.php(0): Illuminate\Foundation\Bootstrap\HandleExceptions->handleShutdown()
#3 /home/vagrant/Sites/furbook.com/vendor/laravel/framework/src/Illuminate/Foundation/ProviderRepository.php(115): Illuminate\Foundation\ProviderRepository->createProvider()
#4 /home/vagrant/Sites/furbook.com/vendor/laravel/framework/src/Illuminate/Foundation/ProviderRepository.php(59): Illuminate\Foundation\ProviderRepository->compileManifest()
#5 /home/vagrant/Sites/furbook.com/vendor/laravel/framework/src/Illuminate/Foundation/Application.php(439): Illuminate\Foundation\ProviderRepository->load()
#6 /home/vagrant/Sites/furbook.com/vendor/laravel/framework/src/Illuminate/Foundation/Bootstrap/RegisterProviders.php(15): Illuminate\Foundation\Application->registerConfiguredProviders()
#7 /home/vagrant/Sites/furbook.com/vendor/laravel/framework/src/Illuminate/Foundation/Application.php(167): Illuminate\Foundation\Bootstrap\RegisterProviders->bootstrap()
#8 /home/vagrant/Sites/furbook.com/vendor/laravel/framework/src/Illuminate/Foundation/Http/Kernel.php(199): Illuminate\Foundation\Application->bootstrapWith()
#9 /home/vagrant/Sites/furbook.com/vendor/laravel/framework/src/Illuminate/Foundation/Http/Kernel.php(110): Illuminate\Foundation\Http\Kernel->bootstrap()
#10 /home/vagrant/Sites/furbook.com/vendor/laravel/framework/src/Illuminate/Foundation/Http/Kernel.php(84): Illuminate\Foundation\Http\Kernel->sendRequestThroughRouter()
#11 /home/vagrant/Sites/furbook.com/public/index.php(53): Illuminate\Foundation\Http\Kernel->handle()
#12 /home/vagrant/Sites/furbook.com/public/index.php(0): {main}()
#13 {main}  
[2015-03-22 14:56:39] local.ERROR: exception 'ReflectionException' with message 'Class App\Http\Views\Composers\CatFormComposer does not exist' in /home/vagrant/Sites/furbook.com/vendor/laravel/framework/src/Illuminate/Container/Container.php:776
Stack trace:
#0 /home/vagrant/Sites/furbook.com/vendor/laravel/framework/src/Illuminate/Container/Container.php(776): ReflectionClass->__construct('App\\Http\\Views\\...')
#1 /home/vagrant/Sites/furbook.com/vendor/laravel/framework/src/Illuminate/Container/Container.php(656): Illuminate\Container\Container->build('App\\Http\\Views\\...', Array)
#2 /home/vagrant/Sites/furbook.com/vendor/laravel/framework/src/Illuminate/Foundation/Application.php(613): Illuminate\Container\Container->make('App\\Http\\Views\\...', Array)
#3 /home/vagrant/Sites/furbook.com/vendor/laravel/framework/src/Illuminate/View/Factory.php(480): Illuminate\Foundation\Application->make('App\\Http\\Views\\...')
#4 [internal function]: Illuminate\View\Factory->Illuminate\View\{closure}(Object(Illuminate\View\View))
#5 /home/vagrant/Sites/furbook.com/vendor/laravel/framework/src/Illuminate/Events/Dispatcher.php(218): call_user_func_array(Object(Closure), Array)
#6 /home/vagrant/Sites/furbook.com/vendor/laravel/framework/src/Illuminate/View/Factory.php(513): Illuminate\Events\Dispatcher->fire('composing: part...', Array)
#7 /home/vagrant/Sites/furbook.com/vendor/laravel/framework/src/Illuminate/View/View.php(102): Illuminate\View\Factory->callComposer(Object(Illuminate\View\View))
#8 /home/vagrant/Sites/furbook.com/vendor/laravel/framework/src/Illuminate/View/View.php(78): Illuminate\View\View->renderContents()
#9 /home/vagrant/Sites/furbook.com/storage/framework/views/9363bf5023bf25f0b9201c3fb34aa1ee(8): Illuminate\View\View->render()
#10 /home/vagrant/Sites/furbook.com/vendor/laravel/framework/src/Illuminate/View/Engines/PhpEngine.php(39): include('/home/vagrant/S...')
#11 /home/vagrant/Sites/furbook.com/vendor/laravel/framework/src/Illuminate/View/Engines/CompilerEngine.php(57): Illuminate\View\Engines\PhpEngine->evaluatePath('/home/vagrant/S...', Array)
#12 /home/vagrant/Sites/furbook.com/vendor/laravel/framework/src/Illuminate/View/View.php(136): Illuminate\View\Engines\CompilerEngine->get('/home/vagrant/S...', Array)
#13 /home/vagrant/Sites/furbook.com/vendor/laravel/framework/src/Illuminate/View/View.php(104): Illuminate\View\View->getContents()
#14 /home/vagrant/Sites/furbook.com/vendor/laravel/framework/src/Illuminate/View/View.php(78): Illuminate\View\View->renderContents()
#15 /home/vagrant/Sites/furbook.com/vendor/laravel/framework/src/Illuminate/Http/Response.php(44): Illuminate\View\View->render()
#16 /home/vagrant/Sites/furbook.com/vendor/symfony/http-foundation/Symfony/Component/HttpFoundation/Response.php(202): Illuminate\Http\Response->setContent(Object(Illuminate\View\View))
#17 /home/vagrant/Sites/furbook.com/vendor/laravel/framework/src/Illuminate/Routing/Router.php(1188): Symfony\Component\HttpFoundation\Response->__construct(Object(Illuminate\View\View))
#18 /home/vagrant/Sites/furbook.com/vendor/laravel/framework/src/Illuminate/Routing/Router.php(692): Illuminate\Routing\Router->prepareResponse(Object(Illuminate\Http\Request), Object(Illuminate\View\View))
#19 [internal function]: Illuminate\Routing\Router->Illuminate\Routing\{closure}(Object(Illuminate\Http\Request))
#20 /home/vagrant/Sites/furbook.com/vendor/laravel/framework/src/Illuminate/Pipeline/Pipeline.php(141): call_user_func(Object(Closure), Object(Illuminate\Http\Request))
#21 [internal function]: Illuminate\Pipeline\Pipeline->Illuminate\Pipeline\{closure}(Object(Illuminate\Http\Request))
#22 /home/vagrant/Sites/furbook.com/vendor/laravel/framework/src/Illuminate/Pipeline/Pipeline.php(101): call_user_func(Object(Closure), Object(Illuminate\Http\Request))
#23 /home/vagrant/Sites/furbook.com/vendor/laravel/framework/src/Illuminate/Routing/Router.php(693): Illuminate\Pipeline\Pipeline->then(Object(Closure))
#24 /home/vagrant/Sites/furbook.com/vendor/laravel/framework/src/Illuminate/Routing/Router.php(660): Illuminate\Routing\Router->runRouteWithinStack(Object(Illuminate\Routing\Route), Object(Illuminate\Http\Request))
#25 /home/vagrant/Sites/furbook.com/vendor/laravel/framework/src/Illuminate/Routing/Router.php(618): Illuminate\Routing\Router->dispatchToRoute(Object(Illuminate\Http\Request))
#26 /home/vagrant/Sites/furbook.com/vendor/laravel/framework/src/Illuminate/Foundation/Http/Kernel.php(214): Illuminate\Routing\Router->dispatch(Object(Illuminate\Http\Request))
#27 [internal function]: Illuminate\Foundation\Http\Kernel->Illuminate\Foundation\Http\{closure}(Object(Illuminate\Http\Request))
#28 /home/vagrant/Sites/furbook.com/vendor/laravel/framework/src/Illuminate/Pipeline/Pipeline.php(141): call_user_func(Object(Closure), Object(Illuminate\Http\Request))
#29 /home/vagrant/Sites/furbook.com/vendor/laravel/framework/src/Illuminate/Foundation/Http/Middleware/VerifyCsrfToken.php(43): Illuminate\Pipeline\Pipeline->Illuminate\Pipeline\{closure}(Object(Illuminate\Http\Request))
#30 /home/vagrant/Sites/furbook.com/app/Http/Middleware/VerifyCsrfToken.php(17): Illuminate\Foundation\Http\Middleware\VerifyCsrfToken->handle(Object(Illuminate\Http\Request), Object(Closure))
#31 /home/vagrant/Sites/furbook.com/vendor/laravel/framework/src/Illuminate/Pipeline/Pipeline.php(125): Furbook\Http\Middleware\VerifyCsrfToken->handle(Object(Illuminate\Http\Request), Object(Closure))
#32 /home/vagrant/Sites/furbook.com/vendor/laravel/framework/src/Illuminate/View/Middleware/ShareErrorsFromSession.php(55): Illuminate\Pipeline\Pipeline->Illuminate\Pipeline\{closure}(Object(Illuminate\Http\Request))
#33 /home/vagrant/Sites/furbook.com/vendor/laravel/framework/src/Illuminate/Pipeline/Pipeline.php(125): Illuminate\View\Middleware\ShareErrorsFromSession->handle(Object(Illuminate\Http\Request), Object(Closure))
#34 /home/vagrant/Sites/furbook.com/vendor/laravel/framework/src/Illuminate/Session/Middleware/StartSession.php(61): Illuminate\Pipeline\Pipeline->Illuminate\Pipeline\{closure}(Object(Illuminate\Http\Request))
#35 /home/vagrant/Sites/furbook.com/vendor/laravel/framework/src/Illuminate/Pipeline/Pipeline.php(125): Illuminate\Session\Middleware\StartSession->handle(Object(Illuminate\Http\Request), Object(Closure))
#36 /home/vagrant/Sites/furbook.com/vendor/laravel/framework/src/Illuminate/Cookie/Middleware/AddQueuedCookiesToResponse.php(36): Illuminate\Pipeline\Pipeline->Illuminate\Pipeline\{closure}(Object(Illuminate\Http\Request))
#37 /home/vagrant/Sites/furbook.com/vendor/laravel/framework/src/Illuminate/Pipeline/Pipeline.php(125): Illuminate\Cookie\Middleware\AddQueuedCookiesToResponse->handle(Object(Illuminate\Http\Request), Object(Closure))
#38 /home/vagrant/Sites/furbook.com/vendor/laravel/framework/src/Illuminate/Cookie/Middleware/EncryptCookies.php(40): Illuminate\Pipeline\Pipeline->Illuminate\Pipeline\{closure}(Object(Illuminate\Http\Request))
#39 /home/vagrant/Sites/furbook.com/vendor/laravel/framework/src/Illuminate/Pipeline/Pipeline.php(125): Illuminate\Cookie\Middleware\EncryptCookies->handle(Object(Illuminate\Http\Request), Object(Closure))
#40 /home/vagrant/Sites/furbook.com/vendor/laravel/framework/src/Illuminate/Foundation/Http/Middleware/CheckForMaintenanceMode.php(42): Illuminate\Pipeline\Pipeline->Illuminate\Pipeline\{closure}(Object(Illuminate\Http\Request))
#41 /home/vagrant/Sites/furbook.com/vendor/laravel/framework/src/Illuminate/Pipeline/Pipeline.php(125): Illuminate\Foundation\Http\Middleware\CheckForMaintenanceMode->handle(Object(Illuminate\Http\Request), Object(Closure))
#42 [internal function]: Illuminate\Pipeline\Pipeline->Illuminate\Pipeline\{closure}(Object(Illuminate\Http\Request))
#43 /home/vagrant/Sites/furbook.com/vendor/laravel/framework/src/Illuminate/Pipeline/Pipeline.php(101): call_user_func(Object(Closure), Object(Illuminate\Http\Request))
#44 /home/vagrant/Sites/furbook.com/vendor/laravel/framework/src/Illuminate/Foundation/Http/Kernel.php(115): Illuminate\Pipeline\Pipeline->then(Object(Closure))
#45 /home/vagrant/Sites/furbook.com/vendor/laravel/framework/src/Illuminate/Foundation/Http/Kernel.php(84): Illuminate\Foundation\Http\Kernel->sendRequestThroughRouter(Object(Illuminate\Http\Request))
#46 /home/vagrant/Sites/furbook.com/public/index.php(53): Illuminate\Foundation\Http\Kernel->handle(Object(Illuminate\Http\Request))
#47 {main}

Next exception 'ErrorException' with message 'Class App\Http\Views\Composers\CatFormComposer does not exist (View: /home/vagrant/Sites/furbook.com/resources/views/cats/create.blade.php)' in /home/vagrant/Sites/furbook.com/vendor/laravel/framework/src/Illuminate/Container/Container.php:776
Stack trace:
#0 /home/vagrant/Sites/furbook.com/vendor/laravel/framework/src/Illuminate/View/Engines/PhpEngine.php(43): Illuminate\View\Engines\CompilerEngine->handleViewException(Object(ReflectionException), 1)
#1 /home/vagrant/Sites/furbook.com/vendor/laravel/framework/src/Illuminate/View/Engines/CompilerEngine.php(57): Illuminate\View\Engines\PhpEngine->evaluatePath('/home/vagrant/S...', Array)
#2 /home/vagrant/Sites/furbook.com/vendor/laravel/framework/src/Illuminate/View/View.php(136): Illuminate\View\Engines\CompilerEngine->get('/home/vagrant/S...', Array)
#3 /home/vagrant/Sites/furbook.com/vendor/laravel/framework/src/Illuminate/View/View.php(104): Illuminate\View\View->getContents()
#4 /home/vagrant/Sites/furbook.com/vendor/laravel/framework/src/Illuminate/View/View.php(78): Illuminate\View\View->renderContents()
#5 /home/vagrant/Sites/furbook.com/vendor/laravel/framework/src/Illuminate/Http/Response.php(44): Illuminate\View\View->render()
#6 /home/vagrant/Sites/furbook.com/vendor/symfony/http-foundation/Symfony/Component/HttpFoundation/Response.php(202): Illuminate\Http\Response->setContent(Object(Illuminate\View\View))
#7 /home/vagrant/Sites/furbook.com/vendor/laravel/framework/src/Illuminate/Routing/Router.php(1188): Symfony\Component\HttpFoundation\Response->__construct(Object(Illuminate\View\View))
#8 /home/vagrant/Sites/furbook.com/vendor/laravel/framework/src/Illuminate/Routing/Router.php(692): Illuminate\Routing\Router->prepareResponse(Object(Illuminate\Http\Request), Object(Illuminate\View\View))
#9 [internal function]: Illuminate\Routing\Router->Illuminate\Routing\{closure}(Object(Illuminate\Http\Request))
#10 /home/vagrant/Sites/furbook.com/vendor/laravel/framework/src/Illuminate/Pipeline/Pipeline.php(141): call_user_func(Object(Closure), Object(Illuminate\Http\Request))
#11 [internal function]: Illuminate\Pipeline\Pipeline->Illuminate\Pipeline\{closure}(Object(Illuminate\Http\Request))
#12 /home/vagrant/Sites/furbook.com/vendor/laravel/framework/src/Illuminate/Pipeline/Pipeline.php(101): call_user_func(Object(Closure), Object(Illuminate\Http\Request))
#13 /home/vagrant/Sites/furbook.com/vendor/laravel/framework/src/Illuminate/Routing/Router.php(693): Illuminate\Pipeline\Pipeline->then(Object(Closure))
#14 /home/vagrant/Sites/furbook.com/vendor/laravel/framework/src/Illuminate/Routing/Router.php(660): Illuminate\Routing\Router->runRouteWithinStack(Object(Illuminate\Routing\Route), Object(Illuminate\Http\Request))
#15 /home/vagrant/Sites/furbook.com/vendor/laravel/framework/src/Illuminate/Routing/Router.php(618): Illuminate\Routing\Router->dispatchToRoute(Object(Illuminate\Http\Request))
#16 /home/vagrant/Sites/furbook.com/vendor/laravel/framework/src/Illuminate/Foundation/Http/Kernel.php(214): Illuminate\Routing\Router->dispatch(Object(Illuminate\Http\Request))
#17 [internal function]: Illuminate\Foundation\Http\Kernel->Illuminate\Foundation\Http\{closure}(Object(Illuminate\Http\Request))
#18 /home/vagrant/Sites/furbook.com/vendor/laravel/framework/src/Illuminate/Pipeline/Pipeline.php(141): call_user_func(Object(Closure), Object(Illuminate\Http\Request))
#19 /home/vagrant/Sites/furbook.com/vendor/laravel/framework/src/Illuminate/Foundation/Http/Middleware/VerifyCsrfToken.php(43): Illuminate\Pipeline\Pipeline->Illuminate\Pipeline\{closure}(Object(Illuminate\Http\Request))
#20 /home/vagrant/Sites/furbook.com/app/Http/Middleware/VerifyCsrfToken.php(17): Illuminate\Foundation\Http\Middleware\VerifyCsrfToken->handle(Object(Illuminate\Http\Request), Object(Closure))
#21 /home/vagrant/Sites/furbook.com/vendor/laravel/framework/src/Illuminate/Pipeline/Pipeline.php(125): Furbook\Http\Middleware\VerifyCsrfToken->handle(Object(Illuminate\Http\Request), Object(Closure))
#22 /home/vagrant/Sites/furbook.com/vendor/laravel/framework/src/Illuminate/View/Middleware/ShareErrorsFromSession.php(55): Illuminate\Pipeline\Pipeline->Illuminate\Pipeline\{closure}(Object(Illuminate\Http\Request))
#23 /home/vagrant/Sites/furbook.com/vendor/laravel/framework/src/Illuminate/Pipeline/Pipeline.php(125): Illuminate\View\Middleware\ShareErrorsFromSession->handle(Object(Illuminate\Http\Request), Object(Closure))
#24 /home/vagrant/Sites/furbook.com/vendor/laravel/framework/src/Illuminate/Session/Middleware/StartSession.php(61): Illuminate\Pipeline\Pipeline->Illuminate\Pipeline\{closure}(Object(Illuminate\Http\Request))
#25 /home/vagrant/Sites/furbook.com/vendor/laravel/framework/src/Illuminate/Pipeline/Pipeline.php(125): Illuminate\Session\Middleware\StartSession->handle(Object(Illuminate\Http\Request), Object(Closure))
#26 /home/vagrant/Sites/furbook.com/vendor/laravel/framework/src/Illuminate/Cookie/Middleware/AddQueuedCookiesToResponse.php(36): Illuminate\Pipeline\Pipeline->Illuminate\Pipeline\{closure}(Object(Illuminate\Http\Request))
#27 /home/vagrant/Sites/furbook.com/vendor/laravel/framework/src/Illuminate/Pipeline/Pipeline.php(125): Illuminate\Cookie\Middleware\AddQueuedCookiesToResponse->handle(Object(Illuminate\Http\Request), Object(Closure))
#28 /home/vagrant/Sites/furbook.com/vendor/laravel/framework/src/Illuminate/Cookie/Middleware/EncryptCookies.php(40): Illuminate\Pipeline\Pipeline->Illuminate\Pipeline\{closure}(Object(Illuminate\Http\Request))
#29 /home/vagrant/Sites/furbook.com/vendor/laravel/framework/src/Illuminate/Pipeline/Pipeline.php(125): Illuminate\Cookie\Middleware\EncryptCookies->handle(Object(Illuminate\Http\Request), Object(Closure))
#30 /home/vagrant/Sites/furbook.com/vendor/laravel/framework/src/Illuminate/Foundation/Http/Middleware/CheckForMaintenanceMode.php(42): Illuminate\Pipeline\Pipeline->Illuminate\Pipeline\{closure}(Object(Illuminate\Http\Request))
#31 /home/vagrant/Sites/furbook.com/vendor/laravel/framework/src/Illuminate/Pipeline/Pipeline.php(125): Illuminate\Foundation\Http\Middleware\CheckForMaintenanceMode->handle(Object(Illuminate\Http\Request), Object(Closure))
#32 [internal function]: Illuminate\Pipeline\Pipeline->Illuminate\Pipeline\{closure}(Object(Illuminate\Http\Request))
#33 /home/vagrant/Sites/furbook.com/vendor/laravel/framework/src/Illuminate/Pipeline/Pipeline.php(101): call_user_func(Object(Closure), Object(Illuminate\Http\Request))
#34 /home/vagrant/Sites/furbook.com/vendor/laravel/framework/src/Illuminate/Foundation/Http/Kernel.php(115): Illuminate\Pipeline\Pipeline->then(Object(Closure))
#35 /home/vagrant/Sites/furbook.com/vendor/laravel/framework/src/Illuminate/Foundation/Http/Kernel.php(84): Illuminate\Foundation\Http\Kernel->sendRequestThroughRouter(Object(Illuminate\Http\Request))
#36 /home/vagrant/Sites/furbook.com/public/index.php(53): Illuminate\Foundation\Http\Kernel->handle(Object(Illuminate\Http\Request))
#37 {main}  
[2015-03-22 14:56:53] local.ERROR: exception 'ReflectionException' with message 'Class App\Http\Views\Composers\CatFormComposer does not exist' in /home/vagrant/Sites/furbook.com/vendor/laravel/framework/src/Illuminate/Container/Container.php:776
Stack trace:
#0 /home/vagrant/Sites/furbook.com/vendor/laravel/framework/src/Illuminate/Container/Container.php(776): ReflectionClass->__construct('App\\Http\\Views\\...')
#1 /home/vagrant/Sites/furbook.com/vendor/laravel/framework/src/Illuminate/Container/Container.php(656): Illuminate\Container\Container->build('App\\Http\\Views\\...', Array)
#2 /home/vagrant/Sites/furbook.com/vendor/laravel/framework/src/Illuminate/Foundation/Application.php(613): Illuminate\Container\Container->make('App\\Http\\Views\\...', Array)
#3 /home/vagrant/Sites/furbook.com/vendor/laravel/framework/src/Illuminate/View/Factory.php(480): Illuminate\Foundation\Application->make('App\\Http\\Views\\...')
#4 [internal function]: Illuminate\View\Factory->Illuminate\View\{closure}(Object(Illuminate\View\View))
#5 /home/vagrant/Sites/furbook.com/vendor/laravel/framework/src/Illuminate/Events/Dispatcher.php(218): call_user_func_array(Object(Closure), Array)
#6 /home/vagrant/Sites/furbook.com/vendor/laravel/framework/src/Illuminate/View/Factory.php(513): Illuminate\Events\Dispatcher->fire('composing: part...', Array)
#7 /home/vagrant/Sites/furbook.com/vendor/laravel/framework/src/Illuminate/View/View.php(102): Illuminate\View\Factory->callComposer(Object(Illuminate\View\View))
#8 /home/vagrant/Sites/furbook.com/vendor/laravel/framework/src/Illuminate/View/View.php(78): Illuminate\View\View->renderContents()
#9 /home/vagrant/Sites/furbook.com/storage/framework/views/9363bf5023bf25f0b9201c3fb34aa1ee(8): Illuminate\View\View->render()
#10 /home/vagrant/Sites/furbook.com/vendor/laravel/framework/src/Illuminate/View/Engines/PhpEngine.php(39): include('/home/vagrant/S...')
#11 /home/vagrant/Sites/furbook.com/vendor/laravel/framework/src/Illuminate/View/Engines/CompilerEngine.php(57): Illuminate\View\Engines\PhpEngine->evaluatePath('/home/vagrant/S...', Array)
#12 /home/vagrant/Sites/furbook.com/vendor/laravel/framework/src/Illuminate/View/View.php(136): Illuminate\View\Engines\CompilerEngine->get('/home/vagrant/S...', Array)
#13 /home/vagrant/Sites/furbook.com/vendor/laravel/framework/src/Illuminate/View/View.php(104): Illuminate\View\View->getContents()
#14 /home/vagrant/Sites/furbook.com/vendor/laravel/framework/src/Illuminate/View/View.php(78): Illuminate\View\View->renderContents()
#15 /home/vagrant/Sites/furbook.com/vendor/laravel/framework/src/Illuminate/Http/Response.php(44): Illuminate\View\View->render()
#16 /home/vagrant/Sites/furbook.com/vendor/symfony/http-foundation/Symfony/Component/HttpFoundation/Response.php(202): Illuminate\Http\Response->setContent(Object(Illuminate\View\View))
#17 /home/vagrant/Sites/furbook.com/vendor/laravel/framework/src/Illuminate/Routing/Router.php(1188): Symfony\Component\HttpFoundation\Response->__construct(Object(Illuminate\View\View))
#18 /home/vagrant/Sites/furbook.com/vendor/laravel/framework/src/Illuminate/Routing/Router.php(692): Illuminate\Routing\Router->prepareResponse(Object(Illuminate\Http\Request), Object(Illuminate\View\View))
#19 [internal function]: Illuminate\Routing\Router->Illuminate\Routing\{closure}(Object(Illuminate\Http\Request))
#20 /home/vagrant/Sites/furbook.com/vendor/laravel/framework/src/Illuminate/Pipeline/Pipeline.php(141): call_user_func(Object(Closure), Object(Illuminate\Http\Request))
#21 [internal function]: Illuminate\Pipeline\Pipeline->Illuminate\Pipeline\{closure}(Object(Illuminate\Http\Request))
#22 /home/vagrant/Sites/furbook.com/vendor/laravel/framework/src/Illuminate/Pipeline/Pipeline.php(101): call_user_func(Object(Closure), Object(Illuminate\Http\Request))
#23 /home/vagrant/Sites/furbook.com/vendor/laravel/framework/src/Illuminate/Routing/Router.php(693): Illuminate\Pipeline\Pipeline->then(Object(Closure))
#24 /home/vagrant/Sites/furbook.com/vendor/laravel/framework/src/Illuminate/Routing/Router.php(660): Illuminate\Routing\Router->runRouteWithinStack(Object(Illuminate\Routing\Route), Object(Illuminate\Http\Request))
#25 /home/vagrant/Sites/furbook.com/vendor/laravel/framework/src/Illuminate/Routing/Router.php(618): Illuminate\Routing\Router->dispatchToRoute(Object(Illuminate\Http\Request))
#26 /home/vagrant/Sites/furbook.com/vendor/laravel/framework/src/Illuminate/Foundation/Http/Kernel.php(214): Illuminate\Routing\Router->dispatch(Object(Illuminate\Http\Request))
#27 [internal function]: Illuminate\Foundation\Http\Kernel->Illuminate\Foundation\Http\{closure}(Object(Illuminate\Http\Request))
#28 /home/vagrant/Sites/furbook.com/vendor/laravel/framework/src/Illuminate/Pipeline/Pipeline.php(141): call_user_func(Object(Closure), Object(Illuminate\Http\Request))
#29 /home/vagrant/Sites/furbook.com/vendor/laravel/framework/src/Illuminate/Foundation/Http/Middleware/VerifyCsrfToken.php(43): Illuminate\Pipeline\Pipeline->Illuminate\Pipeline\{closure}(Object(Illuminate\Http\Request))
#30 /home/vagrant/Sites/furbook.com/app/Http/Middleware/VerifyCsrfToken.php(17): Illuminate\Foundation\Http\Middleware\VerifyCsrfToken->handle(Object(Illuminate\Http\Request), Object(Closure))
#31 /home/vagrant/Sites/furbook.com/vendor/laravel/framework/src/Illuminate/Pipeline/Pipeline.php(125): Furbook\Http\Middleware\VerifyCsrfToken->handle(Object(Illuminate\Http\Request), Object(Closure))
#32 /home/vagrant/Sites/furbook.com/vendor/laravel/framework/src/Illuminate/View/Middleware/ShareErrorsFromSession.php(55): Illuminate\Pipeline\Pipeline->Illuminate\Pipeline\{closure}(Object(Illuminate\Http\Request))
#33 /home/vagrant/Sites/furbook.com/vendor/laravel/framework/src/Illuminate/Pipeline/Pipeline.php(125): Illuminate\View\Middleware\ShareErrorsFromSession->handle(Object(Illuminate\Http\Request), Object(Closure))
#34 /home/vagrant/Sites/furbook.com/vendor/laravel/framework/src/Illuminate/Session/Middleware/StartSession.php(61): Illuminate\Pipeline\Pipeline->Illuminate\Pipeline\{closure}(Object(Illuminate\Http\Request))
#35 /home/vagrant/Sites/furbook.com/vendor/laravel/framework/src/Illuminate/Pipeline/Pipeline.php(125): Illuminate\Session\Middleware\StartSession->handle(Object(Illuminate\Http\Request), Object(Closure))
#36 /home/vagrant/Sites/furbook.com/vendor/laravel/framework/src/Illuminate/Cookie/Middleware/AddQueuedCookiesToResponse.php(36): Illuminate\Pipeline\Pipeline->Illuminate\Pipeline\{closure}(Object(Illuminate\Http\Request))
#37 /home/vagrant/Sites/furbook.com/vendor/laravel/framework/src/Illuminate/Pipeline/Pipeline.php(125): Illuminate\Cookie\Middleware\AddQueuedCookiesToResponse->handle(Object(Illuminate\Http\Request), Object(Closure))
#38 /home/vagrant/Sites/furbook.com/vendor/laravel/framework/src/Illuminate/Cookie/Middleware/EncryptCookies.php(40): Illuminate\Pipeline\Pipeline->Illuminate\Pipeline\{closure}(Object(Illuminate\Http\Request))
#39 /home/vagrant/Sites/furbook.com/vendor/laravel/framework/src/Illuminate/Pipeline/Pipeline.php(125): Illuminate\Cookie\Middleware\EncryptCookies->handle(Object(Illuminate\Http\Request), Object(Closure))
#40 /home/vagrant/Sites/furbook.com/vendor/laravel/framework/src/Illuminate/Foundation/Http/Middleware/CheckForMaintenanceMode.php(42): Illuminate\Pipeline\Pipeline->Illuminate\Pipeline\{closure}(Object(Illuminate\Http\Request))
#41 /home/vagrant/Sites/furbook.com/vendor/laravel/framework/src/Illuminate/Pipeline/Pipeline.php(125): Illuminate\Foundation\Http\Middleware\CheckForMaintenanceMode->handle(Object(Illuminate\Http\Request), Object(Closure))
#42 [internal function]: Illuminate\Pipeline\Pipeline->Illuminate\Pipeline\{closure}(Object(Illuminate\Http\Request))
#43 /home/vagrant/Sites/furbook.com/vendor/laravel/framework/src/Illuminate/Pipeline/Pipeline.php(101): call_user_func(Object(Closure), Object(Illuminate\Http\Request))
#44 /home/vagrant/Sites/furbook.com/vendor/laravel/framework/src/Illuminate/Foundation/Http/Kernel.php(115): Illuminate\Pipeline\Pipeline->then(Object(Closure))
#45 /home/vagrant/Sites/furbook.com/vendor/laravel/framework/src/Illuminate/Foundation/Http/Kernel.php(84): Illuminate\Foundation\Http\Kernel->sendRequestThroughRouter(Object(Illuminate\Http\Request))
#46 /home/vagrant/Sites/furbook.com/public/index.php(53): Illuminate\Foundation\Http\Kernel->handle(Object(Illuminate\Http\Request))
#47 {main}

Next exception 'ErrorException' with message 'Class App\Http\Views\Composers\CatFormComposer does not exist (View: /home/vagrant/Sites/furbook.com/resources/views/cats/create.blade.php)' in /home/vagrant/Sites/furbook.com/vendor/laravel/framework/src/Illuminate/Container/Container.php:776
Stack trace:
#0 /home/vagrant/Sites/furbook.com/vendor/laravel/framework/src/Illuminate/View/Engines/PhpEngine.php(43): Illuminate\View\Engines\CompilerEngine->handleViewException(Object(ReflectionException), 1)
#1 /home/vagrant/Sites/furbook.com/vendor/laravel/framework/src/Illuminate/View/Engines/CompilerEngine.php(57): Illuminate\View\Engines\PhpEngine->evaluatePath('/home/vagrant/S...', Array)
#2 /home/vagrant/Sites/furbook.com/vendor/laravel/framework/src/Illuminate/View/View.php(136): Illuminate\View\Engines\CompilerEngine->get('/home/vagrant/S...', Array)
#3 /home/vagrant/Sites/furbook.com/vendor/laravel/framework/src/Illuminate/View/View.php(104): Illuminate\View\View->getContents()
#4 /home/vagrant/Sites/furbook.com/vendor/laravel/framework/src/Illuminate/View/View.php(78): Illuminate\View\View->renderContents()
#5 /home/vagrant/Sites/furbook.com/vendor/laravel/framework/src/Illuminate/Http/Response.php(44): Illuminate\View\View->render()
#6 /home/vagrant/Sites/furbook.com/vendor/symfony/http-foundation/Symfony/Component/HttpFoundation/Response.php(202): Illuminate\Http\Response->setContent(Object(Illuminate\View\View))
#7 /home/vagrant/Sites/furbook.com/vendor/laravel/framework/src/Illuminate/Routing/Router.php(1188): Symfony\Component\HttpFoundation\Response->__construct(Object(Illuminate\View\View))
#8 /home/vagrant/Sites/furbook.com/vendor/laravel/framework/src/Illuminate/Routing/Router.php(692): Illuminate\Routing\Router->prepareResponse(Object(Illuminate\Http\Request), Object(Illuminate\View\View))
#9 [internal function]: Illuminate\Routing\Router->Illuminate\Routing\{closure}(Object(Illuminate\Http\Request))
#10 /home/vagrant/Sites/furbook.com/vendor/laravel/framework/src/Illuminate/Pipeline/Pipeline.php(141): call_user_func(Object(Closure), Object(Illuminate\Http\Request))
#11 [internal function]: Illuminate\Pipeline\Pipeline->Illuminate\Pipeline\{closure}(Object(Illuminate\Http\Request))
#12 /home/vagrant/Sites/furbook.com/vendor/laravel/framework/src/Illuminate/Pipeline/Pipeline.php(101): call_user_func(Object(Closure), Object(Illuminate\Http\Request))
#13 /home/vagrant/Sites/furbook.com/vendor/laravel/framework/src/Illuminate/Routing/Router.php(693): Illuminate\Pipeline\Pipeline->then(Object(Closure))
#14 /home/vagrant/Sites/furbook.com/vendor/laravel/framework/src/Illuminate/Routing/Router.php(660): Illuminate\Routing\Router->runRouteWithinStack(Object(Illuminate\Routing\Route), Object(Illuminate\Http\Request))
#15 /home/vagrant/Sites/furbook.com/vendor/laravel/framework/src/Illuminate/Routing/Router.php(618): Illuminate\Routing\Router->dispatchToRoute(Object(Illuminate\Http\Request))
#16 /home/vagrant/Sites/furbook.com/vendor/laravel/framework/src/Illuminate/Foundation/Http/Kernel.php(214): Illuminate\Routing\Router->dispatch(Object(Illuminate\Http\Request))
#17 [internal function]: Illuminate\Foundation\Http\Kernel->Illuminate\Foundation\Http\{closure}(Object(Illuminate\Http\Request))
#18 /home/vagrant/Sites/furbook.com/vendor/laravel/framework/src/Illuminate/Pipeline/Pipeline.php(141): call_user_func(Object(Closure), Object(Illuminate\Http\Request))
#19 /home/vagrant/Sites/furbook.com/vendor/laravel/framework/src/Illuminate/Foundation/Http/Middleware/VerifyCsrfToken.php(43): Illuminate\Pipeline\Pipeline->Illuminate\Pipeline\{closure}(Object(Illuminate\Http\Request))
#20 /home/vagrant/Sites/furbook.com/app/Http/Middleware/VerifyCsrfToken.php(17): Illuminate\Foundation\Http\Middleware\VerifyCsrfToken->handle(Object(Illuminate\Http\Request), Object(Closure))
#21 /home/vagrant/Sites/furbook.com/vendor/laravel/framework/src/Illuminate/Pipeline/Pipeline.php(125): Furbook\Http\Middleware\VerifyCsrfToken->handle(Object(Illuminate\Http\Request), Object(Closure))
#22 /home/vagrant/Sites/furbook.com/vendor/laravel/framework/src/Illuminate/View/Middleware/ShareErrorsFromSession.php(55): Illuminate\Pipeline\Pipeline->Illuminate\Pipeline\{closure}(Object(Illuminate\Http\Request))
#23 /home/vagrant/Sites/furbook.com/vendor/laravel/framework/src/Illuminate/Pipeline/Pipeline.php(125): Illuminate\View\Middleware\ShareErrorsFromSession->handle(Object(Illuminate\Http\Request), Object(Closure))
#24 /home/vagrant/Sites/furbook.com/vendor/laravel/framework/src/Illuminate/Session/Middleware/StartSession.php(61): Illuminate\Pipeline\Pipeline->Illuminate\Pipeline\{closure}(Object(Illuminate\Http\Request))
#25 /home/vagrant/Sites/furbook.com/vendor/laravel/framework/src/Illuminate/Pipeline/Pipeline.php(125): Illuminate\Session\Middleware\StartSession->handle(Object(Illuminate\Http\Request), Object(Closure))
#26 /home/vagrant/Sites/furbook.com/vendor/laravel/framework/src/Illuminate/Cookie/Middleware/AddQueuedCookiesToResponse.php(36): Illuminate\Pipeline\Pipeline->Illuminate\Pipeline\{closure}(Object(Illuminate\Http\Request))
#27 /home/vagrant/Sites/furbook.com/vendor/laravel/framework/src/Illuminate/Pipeline/Pipeline.php(125): Illuminate\Cookie\Middleware\AddQueuedCookiesToResponse->handle(Object(Illuminate\Http\Request), Object(Closure))
#28 /home/vagrant/Sites/furbook.com/vendor/laravel/framework/src/Illuminate/Cookie/Middleware/EncryptCookies.php(40): Illuminate\Pipeline\Pipeline->Illuminate\Pipeline\{closure}(Object(Illuminate\Http\Request))
#29 /home/vagrant/Sites/furbook.com/vendor/laravel/framework/src/Illuminate/Pipeline/Pipeline.php(125): Illuminate\Cookie\Middleware\EncryptCookies->handle(Object(Illuminate\Http\Request), Object(Closure))
#30 /home/vagrant/Sites/furbook.com/vendor/laravel/framework/src/Illuminate/Foundation/Http/Middleware/CheckForMaintenanceMode.php(42): Illuminate\Pipeline\Pipeline->Illuminate\Pipeline\{closure}(Object(Illuminate\Http\Request))
#31 /home/vagrant/Sites/furbook.com/vendor/laravel/framework/src/Illuminate/Pipeline/Pipeline.php(125): Illuminate\Foundation\Http\Middleware\CheckForMaintenanceMode->handle(Object(Illuminate\Http\Request), Object(Closure))
#32 [internal function]: Illuminate\Pipeline\Pipeline->Illuminate\Pipeline\{closure}(Object(Illuminate\Http\Request))
#33 /home/vagrant/Sites/furbook.com/vendor/laravel/framework/src/Illuminate/Pipeline/Pipeline.php(101): call_user_func(Object(Closure), Object(Illuminate\Http\Request))
#34 /home/vagrant/Sites/furbook.com/vendor/laravel/framework/src/Illuminate/Foundation/Http/Kernel.php(115): Illuminate\Pipeline\Pipeline->then(Object(Closure))
#35 /home/vagrant/Sites/furbook.com/vendor/laravel/framework/src/Illuminate/Foundation/Http/Kernel.php(84): Illuminate\Foundation\Http\Kernel->sendRequestThroughRouter(Object(Illuminate\Http\Request))
#36 /home/vagrant/Sites/furbook.com/public/index.php(53): Illuminate\Foundation\Http\Kernel->handle(Object(Illuminate\Http\Request))
#37 {main}  
[2015-03-22 14:57:00] local.ERROR: exception 'Symfony\Component\Debug\Exception\FatalErrorException' with message 'syntax error, unexpected ';'' in /home/vagrant/Sites/furbook.com/app/Http/Views/Composers/CatFormComposer.php:17
Stack trace:
#0 /home/vagrant/Sites/furbook.com/vendor/laravel/framework/src/Illuminate/Foundation/Bootstrap/HandleExceptions.php(131): Symfony\Component\Debug\Exception\FatalErrorException->__construct()
#1 /home/vagrant/Sites/furbook.com/vendor/laravel/framework/src/Illuminate/Foundation/Bootstrap/HandleExceptions.php(116): Illuminate\Foundation\Bootstrap\HandleExceptions->fatalExceptionFromError()
#2 /home/vagrant/Sites/furbook.com/vendor/laravel/framework/src/Illuminate/Foundation/Bootstrap/HandleExceptions.php(0): Illuminate\Foundation\Bootstrap\HandleExceptions->handleShutdown()
#3 /home/vagrant/Sites/furbook.com/vendor/composer/ClassLoader.php(301): Composer\Autoload\includeFile()
#4 /home/vagrant/Sites/furbook.com/vendor/laravel/framework/src/Illuminate/Container/Container.php(0): Composer\Autoload\ClassLoader->loadClass()
#5 /home/vagrant/Sites/furbook.com/vendor/laravel/framework/src/Illuminate/Container/Container.php(776): spl_autoload_call()
#6 /home/vagrant/Sites/furbook.com/vendor/laravel/framework/src/Illuminate/Container/Container.php(776): ReflectionClass->__construct()
#7 /home/vagrant/Sites/furbook.com/vendor/laravel/framework/src/Illuminate/Container/Container.php(656): Illuminate\Container\Container->build()
#8 /home/vagrant/Sites/furbook.com/vendor/laravel/framework/src/Illuminate/Foundation/Application.php(613): Illuminate\Container\Container->make()
#9 /home/vagrant/Sites/furbook.com/vendor/laravel/framework/src/Illuminate/View/Factory.php(480): Illuminate\Foundation\Application->make()
#10 /home/vagrant/Sites/furbook.com/vendor/laravel/framework/src/Illuminate/Events/Dispatcher.php(218): Illuminate\View\Factory->Illuminate\View\{closure}()
#11 /home/vagrant/Sites/furbook.com/vendor/laravel/framework/src/Illuminate/Events/Dispatcher.php(218): call_user_func_array:{/home/vagrant/Sites/furbook.com/vendor/laravel/framework/src/Illuminate/Events/Dispatcher.php:218}()
#12 /home/vagrant/Sites/furbook.com/vendor/laravel/framework/src/Illuminate/View/Factory.php(513): Illuminate\Events\Dispatcher->fire()
#13 /home/vagrant/Sites/furbook.com/vendor/laravel/framework/src/Illuminate/View/View.php(102): Illuminate\View\Factory->callComposer()
#14 /home/vagrant/Sites/furbook.com/vendor/laravel/framework/src/Illuminate/View/View.php(78): Illuminate\View\View->renderContents()
#15 /home/vagrant/Sites/furbook.com/storage/framework/views/9363bf5023bf25f0b9201c3fb34aa1ee(8): Illuminate\View\View->render()
#16 /home/vagrant/Sites/furbook.com/vendor/laravel/framework/src/Illuminate/View/Engines/PhpEngine.php(39): ()
#17 /home/vagrant/Sites/furbook.com/vendor/laravel/framework/src/Illuminate/View/Engines/CompilerEngine.php(57): Illuminate\View\Engines\PhpEngine->evaluatePath()
#18 /home/vagrant/Sites/furbook.com/vendor/laravel/framework/src/Illuminate/View/View.php(136): Illuminate\View\Engines\CompilerEngine->get()
#19 /home/vagrant/Sites/furbook.com/vendor/laravel/framework/src/Illuminate/View/View.php(104): Illuminate\View\View->getContents()
#20 /home/vagrant/Sites/furbook.com/vendor/laravel/framework/src/Illuminate/View/View.php(78): Illuminate\View\View->renderContents()
#21 /home/vagrant/Sites/furbook.com/vendor/laravel/framework/src/Illuminate/Http/Response.php(44): Illuminate\View\View->render()
#22 /home/vagrant/Sites/furbook.com/vendor/symfony/http-foundation/Symfony/Component/HttpFoundation/Response.php(202): Illuminate\Http\Response->setContent()
#23 /home/vagrant/Sites/furbook.com/vendor/laravel/framework/src/Illuminate/Routing/Router.php(1188): Symfony\Component\HttpFoundation\Response->__construct()
#24 /home/vagrant/Sites/furbook.com/vendor/laravel/framework/src/Illuminate/Routing/Router.php(692): Illuminate\Routing\Router->prepareResponse()
#25 /home/vagrant/Sites/furbook.com/vendor/laravel/framework/src/Illuminate/Pipeline/Pipeline.php(141): Illuminate\Routing\Router->Illuminate\Routing\{closure}()
#26 /home/vagrant/Sites/furbook.com/vendor/laravel/framework/src/Illuminate/Pipeline/Pipeline.php(141): call_user_func:{/home/vagrant/Sites/furbook.com/vendor/laravel/framework/src/Illuminate/Pipeline/Pipeline.php:141}()
#27 /home/vagrant/Sites/furbook.com/vendor/laravel/framework/src/Illuminate/Pipeline/Pipeline.php(101): Illuminate\Pipeline\Pipeline->Illuminate\Pipeline\{closure}()
#28 /home/vagrant/Sites/furbook.com/vendor/laravel/framework/src/Illuminate/Pipeline/Pipeline.php(101): call_user_func:{/home/vagrant/Sites/furbook.com/vendor/laravel/framework/src/Illuminate/Pipeline/Pipeline.php:101}()
#29 /home/vagrant/Sites/furbook.com/vendor/laravel/framework/src/Illuminate/Routing/Router.php(693): Illuminate\Pipeline\Pipeline->then()
#30 /home/vagrant/Sites/furbook.com/vendor/laravel/framework/src/Illuminate/Routing/Router.php(660): Illuminate\Routing\Router->runRouteWithinStack()
#31 /home/vagrant/Sites/furbook.com/vendor/laravel/framework/src/Illuminate/Routing/Router.php(618): Illuminate\Routing\Router->dispatchToRoute()
#32 /home/vagrant/Sites/furbook.com/vendor/laravel/framework/src/Illuminate/Foundation/Http/Kernel.php(214): Illuminate\Routing\Router->dispatch()
#33 /home/vagrant/Sites/furbook.com/vendor/laravel/framework/src/Illuminate/Pipeline/Pipeline.php(141): Illuminate\Foundation\Http\Kernel->Illuminate\Foundation\Http\{closure}()
#34 /home/vagrant/Sites/furbook.com/vendor/laravel/framework/src/Illuminate/Pipeline/Pipeline.php(141): call_user_func:{/home/vagrant/Sites/furbook.com/vendor/laravel/framework/src/Illuminate/Pipeline/Pipeline.php:141}()
#35 /home/vagrant/Sites/furbook.com/vendor/laravel/framework/src/Illuminate/Foundation/Http/Middleware/VerifyCsrfToken.php(43): Illuminate\Pipeline\Pipeline->Illuminate\Pipeline\{closure}()
#36 /home/vagrant/Sites/furbook.com/app/Http/Middleware/VerifyCsrfToken.php(17): Illuminate\Foundation\Http\Middleware\VerifyCsrfToken->handle()
#37 /home/vagrant/Sites/furbook.com/vendor/laravel/framework/src/Illuminate/Pipeline/Pipeline.php(125): Furbook\Http\Middleware\VerifyCsrfToken->handle()
#38 /home/vagrant/Sites/furbook.com/vendor/laravel/framework/src/Illuminate/View/Middleware/ShareErrorsFromSession.php(55): Illuminate\Pipeline\Pipeline->Illuminate\Pipeline\{closure}()
#39 /home/vagrant/Sites/furbook.com/vendor/laravel/framework/src/Illuminate/Pipeline/Pipeline.php(125): Illuminate\View\Middleware\ShareErrorsFromSession->handle()
#40 /home/vagrant/Sites/furbook.com/vendor/laravel/framework/src/Illuminate/Session/Middleware/StartSession.php(61): Illuminate\Pipeline\Pipeline->Illuminate\Pipeline\{closure}()
#41 /home/vagrant/Sites/furbook.com/vendor/laravel/framework/src/Illuminate/Pipeline/Pipeline.php(125): Illuminate\Session\Middleware\StartSession->handle()
#42 /home/vagrant/Sites/furbook.com/vendor/laravel/framework/src/Illuminate/Cookie/Middleware/AddQueuedCookiesToResponse.php(36): Illuminate\Pipeline\Pipeline->Illuminate\Pipeline\{closure}()
#43 /home/vagrant/Sites/furbook.com/vendor/laravel/framework/src/Illuminate/Pipeline/Pipeline.php(125): Illuminate\Cookie\Middleware\AddQueuedCookiesToResponse->handle()
#44 /home/vagrant/Sites/furbook.com/vendor/laravel/framework/src/Illuminate/Cookie/Middleware/EncryptCookies.php(40): Illuminate\Pipeline\Pipeline->Illuminate\Pipeline\{closure}()
#45 /home/vagrant/Sites/furbook.com/vendor/laravel/framework/src/Illuminate/Pipeline/Pipeline.php(125): Illuminate\Cookie\Middleware\EncryptCookies->handle()
#46 /home/vagrant/Sites/furbook.com/vendor/laravel/framework/src/Illuminate/Foundation/Http/Middleware/CheckForMaintenanceMode.php(42): Illuminate\Pipeline\Pipeline->Illuminate\Pipeline\{closure}()
#47 /home/vagrant/Sites/furbook.com/vendor/laravel/framework/src/Illuminate/Pipeline/Pipeline.php(125): Illuminate\Foundation\Http\Middleware\CheckForMaintenanceMode->handle()
#48 /home/vagrant/Sites/furbook.com/vendor/laravel/framework/src/Illuminate/Pipeline/Pipeline.php(101): Illuminate\Pipeline\Pipeline->Illuminate\Pipeline\{closure}()
#49 /home/vagrant/Sites/furbook.com/vendor/laravel/framework/src/Illuminate/Pipeline/Pipeline.php(101): call_user_func:{/home/vagrant/Sites/furbook.com/vendor/laravel/framework/src/Illuminate/Pipeline/Pipeline.php:101}()
#50 /home/vagrant/Sites/furbook.com/vendor/laravel/framework/src/Illuminate/Foundation/Http/Kernel.php(115): Illuminate\Pipeline\Pipeline->then()
#51 /home/vagrant/Sites/furbook.com/vendor/laravel/framework/src/Illuminate/Foundation/Http/Kernel.php(84): Illuminate\Foundation\Http\Kernel->sendRequestThroughRouter()
#52 /home/vagrant/Sites/furbook.com/public/index.php(53): Illuminate\Foundation\Http\Kernel->handle()
#53 /home/vagrant/Sites/furbook.com/public/index.php(0): {main}()
#54 {main}  
[2015-03-22 14:57:10] local.ERROR: exception 'ErrorException' with message 'Undefined variable: breeds' in /home/vagrant/Sites/furbook.com/storage/framework/views/75d355a8908dd45d567c49fe30297cb3:23
Stack trace:
#0 /home/vagrant/Sites/furbook.com/storage/framework/views/75d355a8908dd45d567c49fe30297cb3(23): Illuminate\Foundation\Bootstrap\HandleExceptions->handleError(8, 'Undefined varia...', '/home/vagrant/S...', 23, Array)
#1 /home/vagrant/Sites/furbook.com/vendor/laravel/framework/src/Illuminate/View/Engines/PhpEngine.php(39): include('/home/vagrant/S...')
#2 /home/vagrant/Sites/furbook.com/vendor/laravel/framework/src/Illuminate/View/Engines/CompilerEngine.php(57): Illuminate\View\Engines\PhpEngine->evaluatePath('/home/vagrant/S...', Array)
#3 /home/vagrant/Sites/furbook.com/vendor/laravel/framework/src/Illuminate/View/View.php(136): Illuminate\View\Engines\CompilerEngine->get('/home/vagrant/S...', Array)
#4 /home/vagrant/Sites/furbook.com/vendor/laravel/framework/src/Illuminate/View/View.php(104): Illuminate\View\View->getContents()
#5 /home/vagrant/Sites/furbook.com/vendor/laravel/framework/src/Illuminate/View/View.php(78): Illuminate\View\View->renderContents()
#6 /home/vagrant/Sites/furbook.com/storage/framework/views/9363bf5023bf25f0b9201c3fb34aa1ee(8): Illuminate\View\View->render()
#7 /home/vagrant/Sites/furbook.com/vendor/laravel/framework/src/Illuminate/View/Engines/PhpEngine.php(39): include('/home/vagrant/S...')
#8 /home/vagrant/Sites/furbook.com/vendor/laravel/framework/src/Illuminate/View/Engines/CompilerEngine.php(57): Illuminate\View\Engines\PhpEngine->evaluatePath('/home/vagrant/S...', Array)
#9 /home/vagrant/Sites/furbook.com/vendor/laravel/framework/src/Illuminate/View/View.php(136): Illuminate\View\Engines\CompilerEngine->get('/home/vagrant/S...', Array)
#10 /home/vagrant/Sites/furbook.com/vendor/laravel/framework/src/Illuminate/View/View.php(104): Illuminate\View\View->getContents()
#11 /home/vagrant/Sites/furbook.com/vendor/laravel/framework/src/Illuminate/View/View.php(78): Illuminate\View\View->renderContents()
#12 /home/vagrant/Sites/furbook.com/vendor/laravel/framework/src/Illuminate/Http/Response.php(44): Illuminate\View\View->render()
#13 /home/vagrant/Sites/furbook.com/vendor/symfony/http-foundation/Symfony/Component/HttpFoundation/Response.php(202): Illuminate\Http\Response->setContent(Object(Illuminate\View\View))
#14 /home/vagrant/Sites/furbook.com/vendor/laravel/framework/src/Illuminate/Routing/Router.php(1188): Symfony\Component\HttpFoundation\Response->__construct(Object(Illuminate\View\View))
#15 /home/vagrant/Sites/furbook.com/vendor/laravel/framework/src/Illuminate/Routing/Router.php(692): Illuminate\Routing\Router->prepareResponse(Object(Illuminate\Http\Request), Object(Illuminate\View\View))
#16 [internal function]: Illuminate\Routing\Router->Illuminate\Routing\{closure}(Object(Illuminate\Http\Request))
#17 /home/vagrant/Sites/furbook.com/vendor/laravel/framework/src/Illuminate/Pipeline/Pipeline.php(141): call_user_func(Object(Closure), Object(Illuminate\Http\Request))
#18 [internal function]: Illuminate\Pipeline\Pipeline->Illuminate\Pipeline\{closure}(Object(Illuminate\Http\Request))
#19 /home/vagrant/Sites/furbook.com/vendor/laravel/framework/src/Illuminate/Pipeline/Pipeline.php(101): call_user_func(Object(Closure), Object(Illuminate\Http\Request))
#20 /home/vagrant/Sites/furbook.com/vendor/laravel/framework/src/Illuminate/Routing/Router.php(693): Illuminate\Pipeline\Pipeline->then(Object(Closure))
#21 /home/vagrant/Sites/furbook.com/vendor/laravel/framework/src/Illuminate/Routing/Router.php(660): Illuminate\Routing\Router->runRouteWithinStack(Object(Illuminate\Routing\Route), Object(Illuminate\Http\Request))
#22 /home/vagrant/Sites/furbook.com/vendor/laravel/framework/src/Illuminate/Routing/Router.php(618): Illuminate\Routing\Router->dispatchToRoute(Object(Illuminate\Http\Request))
#23 /home/vagrant/Sites/furbook.com/vendor/laravel/framework/src/Illuminate/Foundation/Http/Kernel.php(214): Illuminate\Routing\Router->dispatch(Object(Illuminate\Http\Request))
#24 [internal function]: Illuminate\Foundation\Http\Kernel->Illuminate\Foundation\Http\{closure}(Object(Illuminate\Http\Request))
#25 /home/vagrant/Sites/furbook.com/vendor/laravel/framework/src/Illuminate/Pipeline/Pipeline.php(141): call_user_func(Object(Closure), Object(Illuminate\Http\Request))
#26 /home/vagrant/Sites/furbook.com/vendor/laravel/framework/src/Illuminate/Foundation/Http/Middleware/VerifyCsrfToken.php(43): Illuminate\Pipeline\Pipeline->Illuminate\Pipeline\{closure}(Object(Illuminate\Http\Request))
#27 /home/vagrant/Sites/furbook.com/app/Http/Middleware/VerifyCsrfToken.php(17): Illuminate\Foundation\Http\Middleware\VerifyCsrfToken->handle(Object(Illuminate\Http\Request), Object(Closure))
#28 /home/vagrant/Sites/furbook.com/vendor/laravel/framework/src/Illuminate/Pipeline/Pipeline.php(125): Furbook\Http\Middleware\VerifyCsrfToken->handle(Object(Illuminate\Http\Request), Object(Closure))
#29 /home/vagrant/Sites/furbook.com/vendor/laravel/framework/src/Illuminate/View/Middleware/ShareErrorsFromSession.php(55): Illuminate\Pipeline\Pipeline->Illuminate\Pipeline\{closure}(Object(Illuminate\Http\Request))
#30 /home/vagrant/Sites/furbook.com/vendor/laravel/framework/src/Illuminate/Pipeline/Pipeline.php(125): Illuminate\View\Middleware\ShareErrorsFromSession->handle(Object(Illuminate\Http\Request), Object(Closure))
#31 /home/vagrant/Sites/furbook.com/vendor/laravel/framework/src/Illuminate/Session/Middleware/StartSession.php(61): Illuminate\Pipeline\Pipeline->Illuminate\Pipeline\{closure}(Object(Illuminate\Http\Request))
#32 /home/vagrant/Sites/furbook.com/vendor/laravel/framework/src/Illuminate/Pipeline/Pipeline.php(125): Illuminate\Session\Middleware\StartSession->handle(Object(Illuminate\Http\Request), Object(Closure))
#33 /home/vagrant/Sites/furbook.com/vendor/laravel/framework/src/Illuminate/Cookie/Middleware/AddQueuedCookiesToResponse.php(36): Illuminate\Pipeline\Pipeline->Illuminate\Pipeline\{closure}(Object(Illuminate\Http\Request))
#34 /home/vagrant/Sites/furbook.com/vendor/laravel/framework/src/Illuminate/Pipeline/Pipeline.php(125): Illuminate\Cookie\Middleware\AddQueuedCookiesToResponse->handle(Object(Illuminate\Http\Request), Object(Closure))
#35 /home/vagrant/Sites/furbook.com/vendor/laravel/framework/src/Illuminate/Cookie/Middleware/EncryptCookies.php(40): Illuminate\Pipeline\Pipeline->Illuminate\Pipeline\{closure}(Object(Illuminate\Http\Request))
#36 /home/vagrant/Sites/furbook.com/vendor/laravel/framework/src/Illuminate/Pipeline/Pipeline.php(125): Illuminate\Cookie\Middleware\EncryptCookies->handle(Object(Illuminate\Http\Request), Object(Closure))
#37 /home/vagrant/Sites/furbook.com/vendor/laravel/framework/src/Illuminate/Foundation/Http/Middleware/CheckForMaintenanceMode.php(42): Illuminate\Pipeline\Pipeline->Illuminate\Pipeline\{closure}(Object(Illuminate\Http\Request))
#38 /home/vagrant/Sites/furbook.com/vendor/laravel/framework/src/Illuminate/Pipeline/Pipeline.php(125): Illuminate\Foundation\Http\Middleware\CheckForMaintenanceMode->handle(Object(Illuminate\Http\Request), Object(Closure))
#39 [internal function]: Illuminate\Pipeline\Pipeline->Illuminate\Pipeline\{closure}(Object(Illuminate\Http\Request))
#40 /home/vagrant/Sites/furbook.com/vendor/laravel/framework/src/Illuminate/Pipeline/Pipeline.php(101): call_user_func(Object(Closure), Object(Illuminate\Http\Request))
#41 /home/vagrant/Sites/furbook.com/vendor/laravel/framework/src/Illuminate/Foundation/Http/Kernel.php(115): Illuminate\Pipeline\Pipeline->then(Object(Closure))
#42 /home/vagrant/Sites/furbook.com/vendor/laravel/framework/src/Illuminate/Foundation/Http/Kernel.php(84): Illuminate\Foundation\Http\Kernel->sendRequestThroughRouter(Object(Illuminate\Http\Request))
#43 /home/vagrant/Sites/furbook.com/public/index.php(53): Illuminate\Foundation\Http\Kernel->handle(Object(Illuminate\Http\Request))
#44 {main}

Next exception 'ErrorException' with message 'Undefined variable: breeds (View: /home/vagrant/Sites/furbook.com/resources/views/partials/forms/cat.blade.php)' in /home/vagrant/Sites/furbook.com/storage/framework/views/75d355a8908dd45d567c49fe30297cb3:23
Stack trace:
#0 /home/vagrant/Sites/furbook.com/vendor/laravel/framework/src/Illuminate/View/Engines/PhpEngine.php(43): Illuminate\View\Engines\CompilerEngine->handleViewException(Object(ErrorException), 1)
#1 /home/vagrant/Sites/furbook.com/vendor/laravel/framework/src/Illuminate/View/Engines/CompilerEngine.php(57): Illuminate\View\Engines\PhpEngine->evaluatePath('/home/vagrant/S...', Array)
#2 /home/vagrant/Sites/furbook.com/vendor/laravel/framework/src/Illuminate/View/View.php(136): Illuminate\View\Engines\CompilerEngine->get('/home/vagrant/S...', Array)
#3 /home/vagrant/Sites/furbook.com/vendor/laravel/framework/src/Illuminate/View/View.php(104): Illuminate\View\View->getContents()
#4 /home/vagrant/Sites/furbook.com/vendor/laravel/framework/src/Illuminate/View/View.php(78): Illuminate\View\View->renderContents()
#5 /home/vagrant/Sites/furbook.com/storage/framework/views/9363bf5023bf25f0b9201c3fb34aa1ee(8): Illuminate\View\View->render()
#6 /home/vagrant/Sites/furbook.com/vendor/laravel/framework/src/Illuminate/View/Engines/PhpEngine.php(39): include('/home/vagrant/S...')
#7 /home/vagrant/Sites/furbook.com/vendor/laravel/framework/src/Illuminate/View/Engines/CompilerEngine.php(57): Illuminate\View\Engines\PhpEngine->evaluatePath('/home/vagrant/S...', Array)
#8 /home/vagrant/Sites/furbook.com/vendor/laravel/framework/src/Illuminate/View/View.php(136): Illuminate\View\Engines\CompilerEngine->get('/home/vagrant/S...', Array)
#9 /home/vagrant/Sites/furbook.com/vendor/laravel/framework/src/Illuminate/View/View.php(104): Illuminate\View\View->getContents()
#10 /home/vagrant/Sites/furbook.com/vendor/laravel/framework/src/Illuminate/View/View.php(78): Illuminate\View\View->renderContents()
#11 /home/vagrant/Sites/furbook.com/vendor/laravel/framework/src/Illuminate/Http/Response.php(44): Illuminate\View\View->render()
#12 /home/vagrant/Sites/furbook.com/vendor/symfony/http-foundation/Symfony/Component/HttpFoundation/Response.php(202): Illuminate\Http\Response->setContent(Object(Illuminate\View\View))
#13 /home/vagrant/Sites/furbook.com/vendor/laravel/framework/src/Illuminate/Routing/Router.php(1188): Symfony\Component\HttpFoundation\Response->__construct(Object(Illuminate\View\View))
#14 /home/vagrant/Sites/furbook.com/vendor/laravel/framework/src/Illuminate/Routing/Router.php(692): Illuminate\Routing\Router->prepareResponse(Object(Illuminate\Http\Request), Object(Illuminate\View\View))
#15 [internal function]: Illuminate\Routing\Router->Illuminate\Routing\{closure}(Object(Illuminate\Http\Request))
#16 /home/vagrant/Sites/furbook.com/vendor/laravel/framework/src/Illuminate/Pipeline/Pipeline.php(141): call_user_func(Object(Closure), Object(Illuminate\Http\Request))
#17 [internal function]: Illuminate\Pipeline\Pipeline->Illuminate\Pipeline\{closure}(Object(Illuminate\Http\Request))
#18 /home/vagrant/Sites/furbook.com/vendor/laravel/framework/src/Illuminate/Pipeline/Pipeline.php(101): call_user_func(Object(Closure), Object(Illuminate\Http\Request))
#19 /home/vagrant/Sites/furbook.com/vendor/laravel/framework/src/Illuminate/Routing/Router.php(693): Illuminate\Pipeline\Pipeline->then(Object(Closure))
#20 /home/vagrant/Sites/furbook.com/vendor/laravel/framework/src/Illuminate/Routing/Router.php(660): Illuminate\Routing\Router->runRouteWithinStack(Object(Illuminate\Routing\Route), Object(Illuminate\Http\Request))
#21 /home/vagrant/Sites/furbook.com/vendor/laravel/framework/src/Illuminate/Routing/Router.php(618): Illuminate\Routing\Router->dispatchToRoute(Object(Illuminate\Http\Request))
#22 /home/vagrant/Sites/furbook.com/vendor/laravel/framework/src/Illuminate/Foundation/Http/Kernel.php(214): Illuminate\Routing\Router->dispatch(Object(Illuminate\Http\Request))
#23 [internal function]: Illuminate\Foundation\Http\Kernel->Illuminate\Foundation\Http\{closure}(Object(Illuminate\Http\Request))
#24 /home/vagrant/Sites/furbook.com/vendor/laravel/framework/src/Illuminate/Pipeline/Pipeline.php(141): call_user_func(Object(Closure), Object(Illuminate\Http\Request))
#25 /home/vagrant/Sites/furbook.com/vendor/laravel/framework/src/Illuminate/Foundation/Http/Middleware/VerifyCsrfToken.php(43): Illuminate\Pipeline\Pipeline->Illuminate\Pipeline\{closure}(Object(Illuminate\Http\Request))
#26 /home/vagrant/Sites/furbook.com/app/Http/Middleware/VerifyCsrfToken.php(17): Illuminate\Foundation\Http\Middleware\VerifyCsrfToken->handle(Object(Illuminate\Http\Request), Object(Closure))
#27 /home/vagrant/Sites/furbook.com/vendor/laravel/framework/src/Illuminate/Pipeline/Pipeline.php(125): Furbook\Http\Middleware\VerifyCsrfToken->handle(Object(Illuminate\Http\Request), Object(Closure))
#28 /home/vagrant/Sites/furbook.com/vendor/laravel/framework/src/Illuminate/View/Middleware/ShareErrorsFromSession.php(55): Illuminate\Pipeline\Pipeline->Illuminate\Pipeline\{closure}(Object(Illuminate\Http\Request))
#29 /home/vagrant/Sites/furbook.com/vendor/laravel/framework/src/Illuminate/Pipeline/Pipeline.php(125): Illuminate\View\Middleware\ShareErrorsFromSession->handle(Object(Illuminate\Http\Request), Object(Closure))
#30 /home/vagrant/Sites/furbook.com/vendor/laravel/framework/src/Illuminate/Session/Middleware/StartSession.php(61): Illuminate\Pipeline\Pipeline->Illuminate\Pipeline\{closure}(Object(Illuminate\Http\Request))
#31 /home/vagrant/Sites/furbook.com/vendor/laravel/framework/src/Illuminate/Pipeline/Pipeline.php(125): Illuminate\Session\Middleware\StartSession->handle(Object(Illuminate\Http\Request), Object(Closure))
#32 /home/vagrant/Sites/furbook.com/vendor/laravel/framework/src/Illuminate/Cookie/Middleware/AddQueuedCookiesToResponse.php(36): Illuminate\Pipeline\Pipeline->Illuminate\Pipeline\{closure}(Object(Illuminate\Http\Request))
#33 /home/vagrant/Sites/furbook.com/vendor/laravel/framework/src/Illuminate/Pipeline/Pipeline.php(125): Illuminate\Cookie\Middleware\AddQueuedCookiesToResponse->handle(Object(Illuminate\Http\Request), Object(Closure))
#34 /home/vagrant/Sites/furbook.com/vendor/laravel/framework/src/Illuminate/Cookie/Middleware/EncryptCookies.php(40): Illuminate\Pipeline\Pipeline->Illuminate\Pipeline\{closure}(Object(Illuminate\Http\Request))
#35 /home/vagrant/Sites/furbook.com/vendor/laravel/framework/src/Illuminate/Pipeline/Pipeline.php(125): Illuminate\Cookie\Middleware\EncryptCookies->handle(Object(Illuminate\Http\Request), Object(Closure))
#36 /home/vagrant/Sites/furbook.com/vendor/laravel/framework/src/Illuminate/Foundation/Http/Middleware/CheckForMaintenanceMode.php(42): Illuminate\Pipeline\Pipeline->Illuminate\Pipeline\{closure}(Object(Illuminate\Http\Request))
#37 /home/vagrant/Sites/furbook.com/vendor/laravel/framework/src/Illuminate/Pipeline/Pipeline.php(125): Illuminate\Foundation\Http\Middleware\CheckForMaintenanceMode->handle(Object(Illuminate\Http\Request), Object(Closure))
#38 [internal function]: Illuminate\Pipeline\Pipeline->Illuminate\Pipeline\{closure}(Object(Illuminate\Http\Request))
#39 /home/vagrant/Sites/furbook.com/vendor/laravel/framework/src/Illuminate/Pipeline/Pipeline.php(101): call_user_func(Object(Closure), Object(Illuminate\Http\Request))
#40 /home/vagrant/Sites/furbook.com/vendor/laravel/framework/src/Illuminate/Foundation/Http/Kernel.php(115): Illuminate\Pipeline\Pipeline->then(Object(Closure))
#41 /home/vagrant/Sites/furbook.com/vendor/laravel/framework/src/Illuminate/Foundation/Http/Kernel.php(84): Illuminate\Foundation\Http\Kernel->sendRequestThroughRouter(Object(Illuminate\Http\Request))
#42 /home/vagrant/Sites/furbook.com/public/index.php(53): Illuminate\Foundation\Http\Kernel->handle(Object(Illuminate\Http\Request))
#43 {main}

Next exception 'ErrorException' with message 'Undefined variable: breeds (View: /home/vagrant/Sites/furbook.com/resources/views/partials/forms/cat.blade.php) (View: /home/vagrant/Sites/furbook.com/resources/views/partials/forms/cat.blade.php)' in /home/vagrant/Sites/furbook.com/storage/framework/views/75d355a8908dd45d567c49fe30297cb3:23
Stack trace:
#0 /home/vagrant/Sites/furbook.com/vendor/laravel/framework/src/Illuminate/View/Engines/PhpEngine.php(43): Illuminate\View\Engines\CompilerEngine->handleViewException(Object(ErrorException), 1)
#1 /home/vagrant/Sites/furbook.com/vendor/laravel/framework/src/Illuminate/View/Engines/CompilerEngine.php(57): Illuminate\View\Engines\PhpEngine->evaluatePath('/home/vagrant/S...', Array)
#2 /home/vagrant/Sites/furbook.com/vendor/laravel/framework/src/Illuminate/View/View.php(136): Illuminate\View\Engines\CompilerEngine->get('/home/vagrant/S...', Array)
#3 /home/vagrant/Sites/furbook.com/vendor/laravel/framework/src/Illuminate/View/View.php(104): Illuminate\View\View->getContents()
#4 /home/vagrant/Sites/furbook.com/vendor/laravel/framework/src/Illuminate/View/View.php(78): Illuminate\View\View->renderContents()
#5 /home/vagrant/Sites/furbook.com/vendor/laravel/framework/src/Illuminate/Http/Response.php(44): Illuminate\View\View->render()
#6 /home/vagrant/Sites/furbook.com/vendor/symfony/http-foundation/Symfony/Component/HttpFoundation/Response.php(202): Illuminate\Http\Response->setContent(Object(Illuminate\View\View))
#7 /home/vagrant/Sites/furbook.com/vendor/laravel/framework/src/Illuminate/Routing/Router.php(1188): Symfony\Component\HttpFoundation\Response->__construct(Object(Illuminate\View\View))
#8 /home/vagrant/Sites/furbook.com/vendor/laravel/framework/src/Illuminate/Routing/Router.php(692): Illuminate\Routing\Router->prepareResponse(Object(Illuminate\Http\Request), Object(Illuminate\View\View))
#9 [internal function]: Illuminate\Routing\Router->Illuminate\Routing\{closure}(Object(Illuminate\Http\Request))
#10 /home/vagrant/Sites/furbook.com/vendor/laravel/framework/src/Illuminate/Pipeline/Pipeline.php(141): call_user_func(Object(Closure), Object(Illuminate\Http\Request))
#11 [internal function]: Illuminate\Pipeline\Pipeline->Illuminate\Pipeline\{closure}(Object(Illuminate\Http\Request))
#12 /home/vagrant/Sites/furbook.com/vendor/laravel/framework/src/Illuminate/Pipeline/Pipeline.php(101): call_user_func(Object(Closure), Object(Illuminate\Http\Request))
#13 /home/vagrant/Sites/furbook.com/vendor/laravel/framework/src/Illuminate/Routing/Router.php(693): Illuminate\Pipeline\Pipeline->then(Object(Closure))
#14 /home/vagrant/Sites/furbook.com/vendor/laravel/framework/src/Illuminate/Routing/Router.php(660): Illuminate\Routing\Router->runRouteWithinStack(Object(Illuminate\Routing\Route), Object(Illuminate\Http\Request))
#15 /home/vagrant/Sites/furbook.com/vendor/laravel/framework/src/Illuminate/Routing/Router.php(618): Illuminate\Routing\Router->dispatchToRoute(Object(Illuminate\Http\Request))
#16 /home/vagrant/Sites/furbook.com/vendor/laravel/framework/src/Illuminate/Foundation/Http/Kernel.php(214): Illuminate\Routing\Router->dispatch(Object(Illuminate\Http\Request))
#17 [internal function]: Illuminate\Foundation\Http\Kernel->Illuminate\Foundation\Http\{closure}(Object(Illuminate\Http\Request))
#18 /home/vagrant/Sites/furbook.com/vendor/laravel/framework/src/Illuminate/Pipeline/Pipeline.php(141): call_user_func(Object(Closure), Object(Illuminate\Http\Request))
#19 /home/vagrant/Sites/furbook.com/vendor/laravel/framework/src/Illuminate/Foundation/Http/Middleware/VerifyCsrfToken.php(43): Illuminate\Pipeline\Pipeline->Illuminate\Pipeline\{closure}(Object(Illuminate\Http\Request))
#20 /home/vagrant/Sites/furbook.com/app/Http/Middleware/VerifyCsrfToken.php(17): Illuminate\Foundation\Http\Middleware\VerifyCsrfToken->handle(Object(Illuminate\Http\Request), Object(Closure))
#21 /home/vagrant/Sites/furbook.com/vendor/laravel/framework/src/Illuminate/Pipeline/Pipeline.php(125): Furbook\Http\Middleware\VerifyCsrfToken->handle(Object(Illuminate\Http\Request), Object(Closure))
#22 /home/vagrant/Sites/furbook.com/vendor/laravel/framework/src/Illuminate/View/Middleware/ShareErrorsFromSession.php(55): Illuminate\Pipeline\Pipeline->Illuminate\Pipeline\{closure}(Object(Illuminate\Http\Request))
#23 /home/vagrant/Sites/furbook.com/vendor/laravel/framework/src/Illuminate/Pipeline/Pipeline.php(125): Illuminate\View\Middleware\ShareErrorsFromSession->handle(Object(Illuminate\Http\Request), Object(Closure))
#24 /home/vagrant/Sites/furbook.com/vendor/laravel/framework/src/Illuminate/Session/Middleware/StartSession.php(61): Illuminate\Pipeline\Pipeline->Illuminate\Pipeline\{closure}(Object(Illuminate\Http\Request))
#25 /home/vagrant/Sites/furbook.com/vendor/laravel/framework/src/Illuminate/Pipeline/Pipeline.php(125): Illuminate\Session\Middleware\StartSession->handle(Object(Illuminate\Http\Request), Object(Closure))
#26 /home/vagrant/Sites/furbook.com/vendor/laravel/framework/src/Illuminate/Cookie/Middleware/AddQueuedCookiesToResponse.php(36): Illuminate\Pipeline\Pipeline->Illuminate\Pipeline\{closure}(Object(Illuminate\Http\Request))
#27 /home/vagrant/Sites/furbook.com/vendor/laravel/framework/src/Illuminate/Pipeline/Pipeline.php(125): Illuminate\Cookie\Middleware\AddQueuedCookiesToResponse->handle(Object(Illuminate\Http\Request), Object(Closure))
#28 /home/vagrant/Sites/furbook.com/vendor/laravel/framework/src/Illuminate/Cookie/Middleware/EncryptCookies.php(40): Illuminate\Pipeline\Pipeline->Illuminate\Pipeline\{closure}(Object(Illuminate\Http\Request))
#29 /home/vagrant/Sites/furbook.com/vendor/laravel/framework/src/Illuminate/Pipeline/Pipeline.php(125): Illuminate\Cookie\Middleware\EncryptCookies->handle(Object(Illuminate\Http\Request), Object(Closure))
#30 /home/vagrant/Sites/furbook.com/vendor/laravel/framework/src/Illuminate/Foundation/Http/Middleware/CheckForMaintenanceMode.php(42): Illuminate\Pipeline\Pipeline->Illuminate\Pipeline\{closure}(Object(Illuminate\Http\Request))
#31 /home/vagrant/Sites/furbook.com/vendor/laravel/framework/src/Illuminate/Pipeline/Pipeline.php(125): Illuminate\Foundation\Http\Middleware\CheckForMaintenanceMode->handle(Object(Illuminate\Http\Request), Object(Closure))
#32 [internal function]: Illuminate\Pipeline\Pipeline->Illuminate\Pipeline\{closure}(Object(Illuminate\Http\Request))
#33 /home/vagrant/Sites/furbook.com/vendor/laravel/framework/src/Illuminate/Pipeline/Pipeline.php(101): call_user_func(Object(Closure), Object(Illuminate\Http\Request))
#34 /home/vagrant/Sites/furbook.com/vendor/laravel/framework/src/Illuminate/Foundation/Http/Kernel.php(115): Illuminate\Pipeline\Pipeline->then(Object(Closure))
#35 /home/vagrant/Sites/furbook.com/vendor/laravel/framework/src/Illuminate/Foundation/Http/Kernel.php(84): Illuminate\Foundation\Http\Kernel->sendRequestThroughRouter(Object(Illuminate\Http\Request))
#36 /home/vagrant/Sites/furbook.com/public/index.php(53): Illuminate\Foundation\Http\Kernel->handle(Object(Illuminate\Http\Request))
#37 {main}  
[2015-03-22 14:57:14] local.ERROR: exception 'Symfony\Component\Debug\Exception\FatalErrorException' with message 'syntax error, unexpected ';'' in /home/vagrant/Sites/furbook.com/app/Http/Views/Composers/CatFormComposer.php:17
Stack trace:
#0 /home/vagrant/Sites/furbook.com/vendor/laravel/framework/src/Illuminate/Foundation/Bootstrap/HandleExceptions.php(131): Symfony\Component\Debug\Exception\FatalErrorException->__construct()
#1 /home/vagrant/Sites/furbook.com/vendor/laravel/framework/src/Illuminate/Foundation/Bootstrap/HandleExceptions.php(116): Illuminate\Foundation\Bootstrap\HandleExceptions->fatalExceptionFromError()
#2 /home/vagrant/Sites/furbook.com/vendor/laravel/framework/src/Illuminate/Foundation/Bootstrap/HandleExceptions.php(0): Illuminate\Foundation\Bootstrap\HandleExceptions->handleShutdown()
#3 /home/vagrant/Sites/furbook.com/vendor/composer/ClassLoader.php(301): Composer\Autoload\includeFile()
#4 /home/vagrant/Sites/furbook.com/vendor/laravel/framework/src/Illuminate/Container/Container.php(0): Composer\Autoload\ClassLoader->loadClass()
#5 /home/vagrant/Sites/furbook.com/vendor/laravel/framework/src/Illuminate/Container/Container.php(776): spl_autoload_call()
#6 /home/vagrant/Sites/furbook.com/vendor/laravel/framework/src/Illuminate/Container/Container.php(776): ReflectionClass->__construct()
#7 /home/vagrant/Sites/furbook.com/vendor/laravel/framework/src/Illuminate/Container/Container.php(656): Illuminate\Container\Container->build()
#8 /home/vagrant/Sites/furbook.com/vendor/laravel/framework/src/Illuminate/Foundation/Application.php(613): Illuminate\Container\Container->make()
#9 /home/vagrant/Sites/furbook.com/vendor/laravel/framework/src/Illuminate/View/Factory.php(480): Illuminate\Foundation\Application->make()
#10 /home/vagrant/Sites/furbook.com/vendor/laravel/framework/src/Illuminate/Events/Dispatcher.php(218): Illuminate\View\Factory->Illuminate\View\{closure}()
#11 /home/vagrant/Sites/furbook.com/vendor/laravel/framework/src/Illuminate/Events/Dispatcher.php(218): call_user_func_array:{/home/vagrant/Sites/furbook.com/vendor/laravel/framework/src/Illuminate/Events/Dispatcher.php:218}()
#12 /home/vagrant/Sites/furbook.com/vendor/laravel/framework/src/Illuminate/View/Factory.php(513): Illuminate\Events\Dispatcher->fire()
#13 /home/vagrant/Sites/furbook.com/vendor/laravel/framework/src/Illuminate/View/View.php(102): Illuminate\View\Factory->callComposer()
#14 /home/vagrant/Sites/furbook.com/vendor/laravel/framework/src/Illuminate/View/View.php(78): Illuminate\View\View->renderContents()
#15 /home/vagrant/Sites/furbook.com/storage/framework/views/9363bf5023bf25f0b9201c3fb34aa1ee(8): Illuminate\View\View->render()
#16 /home/vagrant/Sites/furbook.com/vendor/laravel/framework/src/Illuminate/View/Engines/PhpEngine.php(39): ()
#17 /home/vagrant/Sites/furbook.com/vendor/laravel/framework/src/Illuminate/View/Engines/CompilerEngine.php(57): Illuminate\View\Engines\PhpEngine->evaluatePath()
#18 /home/vagrant/Sites/furbook.com/vendor/laravel/framework/src/Illuminate/View/View.php(136): Illuminate\View\Engines\CompilerEngine->get()
#19 /home/vagrant/Sites/furbook.com/vendor/laravel/framework/src/Illuminate/View/View.php(104): Illuminate\View\View->getContents()
#20 /home/vagrant/Sites/furbook.com/vendor/laravel/framework/src/Illuminate/View/View.php(78): Illuminate\View\View->renderContents()
#21 /home/vagrant/Sites/furbook.com/vendor/laravel/framework/src/Illuminate/Http/Response.php(44): Illuminate\View\View->render()
#22 /home/vagrant/Sites/furbook.com/vendor/symfony/http-foundation/Symfony/Component/HttpFoundation/Response.php(202): Illuminate\Http\Response->setContent()
#23 /home/vagrant/Sites/furbook.com/vendor/laravel/framework/src/Illuminate/Routing/Router.php(1188): Symfony\Component\HttpFoundation\Response->__construct()
#24 /home/vagrant/Sites/furbook.com/vendor/laravel/framework/src/Illuminate/Routing/Router.php(692): Illuminate\Routing\Router->prepareResponse()
#25 /home/vagrant/Sites/furbook.com/vendor/laravel/framework/src/Illuminate/Pipeline/Pipeline.php(141): Illuminate\Routing\Router->Illuminate\Routing\{closure}()
#26 /home/vagrant/Sites/furbook.com/vendor/laravel/framework/src/Illuminate/Pipeline/Pipeline.php(141): call_user_func:{/home/vagrant/Sites/furbook.com/vendor/laravel/framework/src/Illuminate/Pipeline/Pipeline.php:141}()
#27 /home/vagrant/Sites/furbook.com/vendor/laravel/framework/src/Illuminate/Pipeline/Pipeline.php(101): Illuminate\Pipeline\Pipeline->Illuminate\Pipeline\{closure}()
#28 /home/vagrant/Sites/furbook.com/vendor/laravel/framework/src/Illuminate/Pipeline/Pipeline.php(101): call_user_func:{/home/vagrant/Sites/furbook.com/vendor/laravel/framework/src/Illuminate/Pipeline/Pipeline.php:101}()
#29 /home/vagrant/Sites/furbook.com/vendor/laravel/framework/src/Illuminate/Routing/Router.php(693): Illuminate\Pipeline\Pipeline->then()
#30 /home/vagrant/Sites/furbook.com/vendor/laravel/framework/src/Illuminate/Routing/Router.php(660): Illuminate\Routing\Router->runRouteWithinStack()
#31 /home/vagrant/Sites/furbook.com/vendor/laravel/framework/src/Illuminate/Routing/Router.php(618): Illuminate\Routing\Router->dispatchToRoute()
#32 /home/vagrant/Sites/furbook.com/vendor/laravel/framework/src/Illuminate/Foundation/Http/Kernel.php(214): Illuminate\Routing\Router->dispatch()
#33 /home/vagrant/Sites/furbook.com/vendor/laravel/framework/src/Illuminate/Pipeline/Pipeline.php(141): Illuminate\Foundation\Http\Kernel->Illuminate\Foundation\Http\{closure}()
#34 /home/vagrant/Sites/furbook.com/vendor/laravel/framework/src/Illuminate/Pipeline/Pipeline.php(141): call_user_func:{/home/vagrant/Sites/furbook.com/vendor/laravel/framework/src/Illuminate/Pipeline/Pipeline.php:141}()
#35 /home/vagrant/Sites/furbook.com/vendor/laravel/framework/src/Illuminate/Foundation/Http/Middleware/VerifyCsrfToken.php(43): Illuminate\Pipeline\Pipeline->Illuminate\Pipeline\{closure}()
#36 /home/vagrant/Sites/furbook.com/app/Http/Middleware/VerifyCsrfToken.php(17): Illuminate\Foundation\Http\Middleware\VerifyCsrfToken->handle()
#37 /home/vagrant/Sites/furbook.com/vendor/laravel/framework/src/Illuminate/Pipeline/Pipeline.php(125): Furbook\Http\Middleware\VerifyCsrfToken->handle()
#38 /home/vagrant/Sites/furbook.com/vendor/laravel/framework/src/Illuminate/View/Middleware/ShareErrorsFromSession.php(55): Illuminate\Pipeline\Pipeline->Illuminate\Pipeline\{closure}()
#39 /home/vagrant/Sites/furbook.com/vendor/laravel/framework/src/Illuminate/Pipeline/Pipeline.php(125): Illuminate\View\Middleware\ShareErrorsFromSession->handle()
#40 /home/vagrant/Sites/furbook.com/vendor/laravel/framework/src/Illuminate/Session/Middleware/StartSession.php(61): Illuminate\Pipeline\Pipeline->Illuminate\Pipeline\{closure}()
#41 /home/vagrant/Sites/furbook.com/vendor/laravel/framework/src/Illuminate/Pipeline/Pipeline.php(125): Illuminate\Session\Middleware\StartSession->handle()
#42 /home/vagrant/Sites/furbook.com/vendor/laravel/framework/src/Illuminate/Cookie/Middleware/AddQueuedCookiesToResponse.php(36): Illuminate\Pipeline\Pipeline->Illuminate\Pipeline\{closure}()
#43 /home/vagrant/Sites/furbook.com/vendor/laravel/framework/src/Illuminate/Pipeline/Pipeline.php(125): Illuminate\Cookie\Middleware\AddQueuedCookiesToResponse->handle()
#44 /home/vagrant/Sites/furbook.com/vendor/laravel/framework/src/Illuminate/Cookie/Middleware/EncryptCookies.php(40): Illuminate\Pipeline\Pipeline->Illuminate\Pipeline\{closure}()
#45 /home/vagrant/Sites/furbook.com/vendor/laravel/framework/src/Illuminate/Pipeline/Pipeline.php(125): Illuminate\Cookie\Middleware\EncryptCookies->handle()
#46 /home/vagrant/Sites/furbook.com/vendor/laravel/framework/src/Illuminate/Foundation/Http/Middleware/CheckForMaintenanceMode.php(42): Illuminate\Pipeline\Pipeline->Illuminate\Pipeline\{closure}()
#47 /home/vagrant/Sites/furbook.com/vendor/laravel/framework/src/Illuminate/Pipeline/Pipeline.php(125): Illuminate\Foundation\Http\Middleware\CheckForMaintenanceMode->handle()
#48 /home/vagrant/Sites/furbook.com/vendor/laravel/framework/src/Illuminate/Pipeline/Pipeline.php(101): Illuminate\Pipeline\Pipeline->Illuminate\Pipeline\{closure}()
#49 /home/vagrant/Sites/furbook.com/vendor/laravel/framework/src/Illuminate/Pipeline/Pipeline.php(101): call_user_func:{/home/vagrant/Sites/furbook.com/vendor/laravel/framework/src/Illuminate/Pipeline/Pipeline.php:101}()
#50 /home/vagrant/Sites/furbook.com/vendor/laravel/framework/src/Illuminate/Foundation/Http/Kernel.php(115): Illuminate\Pipeline\Pipeline->then()
#51 /home/vagrant/Sites/furbook.com/vendor/laravel/framework/src/Illuminate/Foundation/Http/Kernel.php(84): Illuminate\Foundation\Http\Kernel->sendRequestThroughRouter()
#52 /home/vagrant/Sites/furbook.com/public/index.php(53): Illuminate\Foundation\Http\Kernel->handle()
#53 /home/vagrant/Sites/furbook.com/public/index.php(0): {main}()
#54 {main}  
